#
# There is insufficient memory for the Java Runtime Environment to continue.
# Native memory allocation (mmap) failed to map 213909504 bytes for G1 virtual space
# Possible reasons:
#   The system is out of physical RAM or swap space
#   The process is running with CompressedOops enabled, and the Java Heap may be blocking the growth of the native heap
# Possible solutions:
#   Reduce memory load on the system
#   Increase physical memory or swap space
#   Check if swap backing store is full
#   Decrease Java heap size (-Xmx/-Xms)
#   Decrease number of Java threads
#   Decrease Java thread stack sizes (-Xss)
#   Set larger code cache with -XX:ReservedCodeCacheSize=
#   JVM is running with Zero Based Compressed Oops mode in which the Java heap is
#     placed in the first 32GB address space. The Java Heap base address is the
#     maximum limit for the native heap growth. Please use -XX:HeapBaseMinAddress
#     to set the Java Heap base and to place the Java Heap above 32GB virtual address.
# This output file may be truncated or incomplete.
#
#  Out of Memory Error (os_windows.cpp:3613), pid=424, tid=3612
#
# JRE version: OpenJDK Runtime Environment Temurin-17.0.9+9 (17.0.9+9) (build 17.0.9+9)
# Java VM: OpenJDK 64-Bit Server VM Temurin-17.0.9+9 (17.0.9+9, mixed mode, sharing, tiered, compressed oops, compressed class ptrs, g1 gc, windows-amd64)
# No core dump will be written. Minidumps are not enabled by default on client versions of Windows
#

---------------  S U M M A R Y ------------

Command Line: -Dfile.encoding=UTF-8 -Duser.country=US -Duser.language=en -Duser.variant net.md_5.specialsource.SpecialSource --in-jar D:\Workspace For Now\FNAFMod\build\libs\modid-1.0.jar --out-jar D:\Workspace For Now\FNAFMod\build\reobfJar\output.jar --srg-in D:\Workspace For Now\FNAFMod\build\createMcpToSrg\output.tsrg --live

Host: AMD Ryzen 5 3600X 6-Core Processor             , 12 cores, 15G,  Windows 10 , 64 bit Build 19041 (10.0.19041.3636)
Time: Sun May 19 22:36:33 2024 GTB Summer Time elapsed time: 1.001124 seconds (0d 0h 0m 1s)

---------------  T H R E A D  ---------------

Current thread (0x0000014ad20083a0):  VMThread "VM Thread" [stack: 0x0000001da1400000,0x0000001da1500000] [id=3612]

Stack: [0x0000001da1400000,0x0000001da1500000]
Native frames: (J=compiled Java code, j=interpreted, Vv=VM code, C=native code)
V  [jvm.dll+0x67cf49]
V  [jvm.dll+0x83478a]
V  [jvm.dll+0x83624e]
V  [jvm.dll+0x8368b3]
V  [jvm.dll+0x247f1f]
V  [jvm.dll+0x679d69]
V  [jvm.dll+0x66e6ba]
V  [jvm.dll+0x307e5b]
V  [jvm.dll+0x30f306]
V  [jvm.dll+0x35f0ce]
V  [jvm.dll+0x35f2ff]
V  [jvm.dll+0x2dea58]
V  [jvm.dll+0x2dcc34]
V  [jvm.dll+0x2dc23c]
V  [jvm.dll+0x3202bb]
V  [jvm.dll+0x83adab]
V  [jvm.dll+0x83baf1]
V  [jvm.dll+0x83c00d]
V  [jvm.dll+0x83c3e4]
V  [jvm.dll+0x83c4b0]
V  [jvm.dll+0x7e3c3a]
V  [jvm.dll+0x67be35]
C  [ucrtbase.dll+0x21bb2]
C  [KERNEL32.DLL+0x17344]
C  [ntdll.dll+0x526b1]

VM_Operation (0x0000001da0efdf30): G1CollectForAllocation, mode: safepoint, requested by thread 0x0000014aed9504f0


---------------  P R O C E S S  ---------------

Threads class SMR info:
_java_thread_list=0x0000014ad2210c30, length=14, elements={
0x0000014aed9504f0, 0x0000014ad200db80, 0x0000014ad200e910, 0x0000014ad20206e0,
0x0000014ad20211b0, 0x0000014ad2023a90, 0x0000014ad2024360, 0x0000014ad2029020,
0x0000014ad2036810, 0x0000014ad2038d40, 0x0000014ad21d55f0, 0x0000014ad2193980,
0x0000014ad2231b60, 0x0000014ad2262050
}

Java Threads: ( => current thread )
  0x0000014aed9504f0 JavaThread "main" [_thread_blocked, id=11388, stack(0x0000001da0e00000,0x0000001da0f00000)]
  0x0000014ad200db80 JavaThread "Reference Handler" daemon [_thread_blocked, id=7840, stack(0x0000001da1500000,0x0000001da1600000)]
  0x0000014ad200e910 JavaThread "Finalizer" daemon [_thread_blocked, id=11776, stack(0x0000001da1600000,0x0000001da1700000)]
  0x0000014ad20206e0 JavaThread "Signal Dispatcher" daemon [_thread_blocked, id=6584, stack(0x0000001da1700000,0x0000001da1800000)]
  0x0000014ad20211b0 JavaThread "Attach Listener" daemon [_thread_blocked, id=9688, stack(0x0000001da1800000,0x0000001da1900000)]
  0x0000014ad2023a90 JavaThread "Service Thread" daemon [_thread_blocked, id=1104, stack(0x0000001da1900000,0x0000001da1a00000)]
  0x0000014ad2024360 JavaThread "Monitor Deflation Thread" daemon [_thread_blocked, id=16152, stack(0x0000001da1a00000,0x0000001da1b00000)]
  0x0000014ad2029020 JavaThread "C2 CompilerThread0" daemon [_thread_in_native, id=5976, stack(0x0000001da1b00000,0x0000001da1c00000)]
  0x0000014ad2036810 JavaThread "C1 CompilerThread0" daemon [_thread_blocked, id=22176, stack(0x0000001da1c00000,0x0000001da1d00000)]
  0x0000014ad2038d40 JavaThread "Sweeper thread" daemon [_thread_blocked, id=19888, stack(0x0000001da1d00000,0x0000001da1e00000)]
  0x0000014ad21d55f0 JavaThread "Notification Thread" daemon [_thread_blocked, id=13344, stack(0x0000001da1e00000,0x0000001da1f00000)]
  0x0000014ad2193980 JavaThread "Common-Cleaner" daemon [_thread_blocked, id=21072, stack(0x0000001da2000000,0x0000001da2100000)]
  0x0000014ad2231b60 JavaThread "C2 CompilerThread1" daemon [_thread_blocked, id=16684, stack(0x0000001da2100000,0x0000001da2200000)]
  0x0000014ad2262050 JavaThread "C2 CompilerThread2" daemon [_thread_blocked, id=19692, stack(0x0000001da2200000,0x0000001da2300000)]

Other Threads:
=>0x0000014ad20083a0 VMThread "VM Thread" [stack: 0x0000001da1400000,0x0000001da1500000] [id=3612]
  0x0000014ad21d7ef0 WatcherThread [stack: 0x0000001da1f00000,0x0000001da2000000] [id=10060]
  0x0000014aed9baf40 GCTaskThread "GC Thread#0" [stack: 0x0000001da0f00000,0x0000001da1000000] [id=4756]
  0x0000014ad23f8a70 GCTaskThread "GC Thread#1" [stack: 0x0000001da2300000,0x0000001da2400000] [id=22116]
  0x0000014ad2374630 GCTaskThread "GC Thread#2" [stack: 0x0000001da2400000,0x0000001da2500000] [id=13204]
  0x0000014ad23748f0 GCTaskThread "GC Thread#3" [stack: 0x0000001da2500000,0x0000001da2600000] [id=2744]
  0x0000014ad23753c0 GCTaskThread "GC Thread#4" [stack: 0x0000001da2600000,0x0000001da2700000] [id=14928]
  0x0000014ad2262d90 GCTaskThread "GC Thread#5" [stack: 0x0000001da2700000,0x0000001da2800000] [id=4664]
  0x0000014aed9cccf0 ConcurrentGCThread "G1 Main Marker" [stack: 0x0000001da1000000,0x0000001da1100000] [id=20244]
  0x0000014aed9cddc0 ConcurrentGCThread "G1 Conc#0" [stack: 0x0000001da1100000,0x0000001da1200000] [id=4344]
  0x0000014aff96fc30 ConcurrentGCThread "G1 Refine#0" [stack: 0x0000001da1200000,0x0000001da1300000] [id=5800]
  0x0000014aff970570 ConcurrentGCThread "G1 Service" [stack: 0x0000001da1300000,0x0000001da1400000] [id=12900]

Threads with active compile tasks:
C2 CompilerThread0     1015 1157       4       org.objectweb.asm.ClassReader::readCode (5109 bytes)
C2 CompilerThread1     1015 1451       4       net.md_5.specialsource.JarMapping::tryClimb (238 bytes)
C2 CompilerThread2     1015 1447       4       org.objectweb.asm.tree.MethodNode::visitLocalVariable (40 bytes)

VM state: at safepoint (normal execution)

VM Mutex/Monitor currently owned by a thread:  ([mutex/lock_event])
[0x0000014aed9499d0] Threads_lock - owner thread: 0x0000014ad20083a0
[0x0000014aed94ab40] Heap_lock - owner thread: 0x0000014aed9504f0

Heap address: 0x0000000700c00000, size: 4084 MB, Compressed Oops mode: Zero based, Oop shift amount: 3

CDS archive(s) mapped at: [0x0000014a91000000-0x0000014a91ba0000-0x0000014a91ba0000), size 12189696, SharedBaseAddress: 0x0000014a91000000, ArchiveRelocationMode: 1.
Compressed class space mapped at: 0x0000014a92000000-0x0000014ad2000000, reserved size: 1073741824
Narrow klass base: 0x0000014a91000000, Narrow klass shift: 0, Narrow klass range: 0x100000000

GC Precious Log:
 CPUs: 12 total, 12 available
 Memory: 16333M
 Large Page Support: Disabled
 NUMA Support: Disabled
 Compressed Oops: Enabled (Zero based)
 Heap Region Size: 2M
 Heap Min Capacity: 8M
 Heap Initial Capacity: 256M
 Heap Max Capacity: 4084M
 Pre-touch: Disabled
 Parallel Workers: 10
 Concurrent Workers: 3
 Concurrent Refinement Workers: 10
 Periodic GC: Disabled

Heap:
 garbage-first heap   total 262144K, used 58963K [0x0000000700c00000, 0x0000000800000000)
  region size 2048K, 8 young (16384K), 8 survivors (16384K)
 Metaspace       used 3977K, committed 4160K, reserved 1114112K
  class space    used 338K, committed 448K, reserved 1048576K

Heap Regions: E=young(eden), S=young(survivor), O=old, HS=humongous(starts), HC=humongous(continues), CS=collection set, F=free, OA=open archive, CA=closed archive, TAMS=top-at-mark-start (previous, next)
|   0|0x0000000700c00000, 0x0000000700e00000, 0x0000000700e00000|100%| O|  |TAMS 0x0000000700c00000, 0x0000000700c00000| Untracked 
|   1|0x0000000700e00000, 0x0000000701000000, 0x0000000701000000|100%| O|  |TAMS 0x0000000700e00000, 0x0000000700e00000| Untracked 
|   2|0x0000000701000000, 0x0000000701200000, 0x0000000701200000|100%| O|  |TAMS 0x0000000701000000, 0x0000000701000000| Untracked 
|   3|0x0000000701200000, 0x0000000701400000, 0x0000000701400000|100%| O|  |TAMS 0x0000000701200000, 0x0000000701200000| Untracked 
|   4|0x0000000701400000, 0x0000000701600000, 0x0000000701600000|100%| O|  |TAMS 0x0000000701400000, 0x0000000701400000| Untracked 
|   5|0x0000000701600000, 0x0000000701800000, 0x0000000701800000|100%| O|  |TAMS 0x0000000701600000, 0x0000000701600000| Untracked 
|   6|0x0000000701800000, 0x0000000701a00000, 0x0000000701a00000|100%| O|  |TAMS 0x0000000701800000, 0x0000000701800000| Untracked 
|   7|0x0000000701a00000, 0x0000000701c00000, 0x0000000701c00000|100%| O|  |TAMS 0x0000000701a00000, 0x0000000701a00000| Untracked 
|   8|0x0000000701c00000, 0x0000000701e00000, 0x0000000701e00000|100%| O|  |TAMS 0x0000000701c00000, 0x0000000701c00000| Untracked 
|   9|0x0000000701e00000, 0x0000000702000000, 0x0000000702000000|100%| O|  |TAMS 0x0000000701e00000, 0x0000000701e00000| Untracked 
|  10|0x0000000702000000, 0x0000000702200000, 0x0000000702200000|100%| O|  |TAMS 0x0000000702000000, 0x0000000702000000| Untracked 
|  11|0x0000000702200000, 0x0000000702400000, 0x0000000702400000|100%| O|  |TAMS 0x0000000702200000, 0x0000000702200000| Untracked 
|  12|0x0000000702400000, 0x0000000702600000, 0x0000000702600000|100%|HS|  |TAMS 0x0000000702400000, 0x0000000702400000| Complete 
|  13|0x0000000702600000, 0x0000000702600000, 0x0000000702800000|  0%| F|  |TAMS 0x0000000702600000, 0x0000000702600000| Untracked 
|  14|0x0000000702800000, 0x0000000702a00000, 0x0000000702a00000|100%|HS|  |TAMS 0x0000000702800000, 0x0000000702800000| Complete 
|  15|0x0000000702a00000, 0x0000000702c00000, 0x0000000702c00000|100%| O|  |TAMS 0x0000000702a00000, 0x0000000702a00000| Untracked 
|  16|0x0000000702c00000, 0x0000000702e00000, 0x0000000702e00000|100%| O|  |TAMS 0x0000000702c00000, 0x0000000702c00000| Untracked 
|  17|0x0000000702e00000, 0x0000000703000000, 0x0000000703000000|100%| O|  |TAMS 0x0000000702e00000, 0x0000000702e00000| Untracked 
|  18|0x0000000703000000, 0x0000000703200000, 0x0000000703200000|100%| O|  |TAMS 0x0000000703000000, 0x0000000703000000| Untracked 
|  19|0x0000000703200000, 0x0000000703400000, 0x0000000703400000|100%| O|  |TAMS 0x0000000703200000, 0x0000000703200000| Untracked 
|  20|0x0000000703400000, 0x0000000703600000, 0x0000000703600000|100%| O|  |TAMS 0x0000000703400000, 0x0000000703400000| Untracked 
|  21|0x0000000703600000, 0x0000000703794c00, 0x0000000703800000| 79%| O|  |TAMS 0x0000000703600000, 0x0000000703600000| Untracked 
|  22|0x0000000703800000, 0x0000000703800000, 0x0000000703a00000|  0%| F|  |TAMS 0x0000000703800000, 0x0000000703800000| Untracked 
|  23|0x0000000703a00000, 0x0000000703a00000, 0x0000000703c00000|  0%| F|  |TAMS 0x0000000703a00000, 0x0000000703a00000| Untracked 
|  24|0x0000000703c00000, 0x0000000703c00000, 0x0000000703e00000|  0%| F|  |TAMS 0x0000000703c00000, 0x0000000703c00000| Untracked 
|  25|0x0000000703e00000, 0x0000000703e00000, 0x0000000704000000|  0%| F|  |TAMS 0x0000000703e00000, 0x0000000703e00000| Untracked 
|  26|0x0000000704000000, 0x0000000704000000, 0x0000000704200000|  0%| F|  |TAMS 0x0000000704000000, 0x0000000704000000| Untracked 
|  27|0x0000000704200000, 0x0000000704200000, 0x0000000704400000|  0%| F|  |TAMS 0x0000000704200000, 0x0000000704200000| Untracked 
|  28|0x0000000704400000, 0x0000000704400000, 0x0000000704600000|  0%| F|  |TAMS 0x0000000704400000, 0x0000000704400000| Untracked 
|  29|0x0000000704600000, 0x0000000704600000, 0x0000000704800000|  0%| F|  |TAMS 0x0000000704600000, 0x0000000704600000| Untracked 
|  30|0x0000000704800000, 0x0000000704800000, 0x0000000704a00000|  0%| F|  |TAMS 0x0000000704800000, 0x0000000704800000| Untracked 
|  31|0x0000000704a00000, 0x0000000704a00000, 0x0000000704c00000|  0%| F|  |TAMS 0x0000000704a00000, 0x0000000704a00000| Untracked 
|  32|0x0000000704c00000, 0x0000000704c00000, 0x0000000704e00000|  0%| F|  |TAMS 0x0000000704c00000, 0x0000000704c00000| Untracked 
|  33|0x0000000704e00000, 0x0000000704e00000, 0x0000000705000000|  0%| F|  |TAMS 0x0000000704e00000, 0x0000000704e00000| Untracked 
|  34|0x0000000705000000, 0x0000000705000000, 0x0000000705200000|  0%| F|  |TAMS 0x0000000705000000, 0x0000000705000000| Untracked 
|  35|0x0000000705200000, 0x0000000705200000, 0x0000000705400000|  0%| F|  |TAMS 0x0000000705200000, 0x0000000705200000| Untracked 
|  36|0x0000000705400000, 0x0000000705400000, 0x0000000705600000|  0%| F|  |TAMS 0x0000000705400000, 0x0000000705400000| Untracked 
|  37|0x0000000705600000, 0x0000000705600000, 0x0000000705800000|  0%| F|  |TAMS 0x0000000705600000, 0x0000000705600000| Untracked 
|  38|0x0000000705800000, 0x0000000705800000, 0x0000000705a00000|  0%| F|  |TAMS 0x0000000705800000, 0x0000000705800000| Untracked 
|  39|0x0000000705a00000, 0x0000000705a00000, 0x0000000705c00000|  0%| F|  |TAMS 0x0000000705a00000, 0x0000000705a00000| Untracked 
|  40|0x0000000705c00000, 0x0000000705c00000, 0x0000000705e00000|  0%| F|  |TAMS 0x0000000705c00000, 0x0000000705c00000| Untracked 
|  41|0x0000000705e00000, 0x0000000705e00000, 0x0000000706000000|  0%| F|  |TAMS 0x0000000705e00000, 0x0000000705e00000| Untracked 
|  42|0x0000000706000000, 0x0000000706000000, 0x0000000706200000|  0%| F|  |TAMS 0x0000000706000000, 0x0000000706000000| Untracked 
|  43|0x0000000706200000, 0x0000000706200000, 0x0000000706400000|  0%| F|  |TAMS 0x0000000706200000, 0x0000000706200000| Untracked 
|  44|0x0000000706400000, 0x0000000706400000, 0x0000000706600000|  0%| F|  |TAMS 0x0000000706400000, 0x0000000706400000| Untracked 
|  45|0x0000000706600000, 0x0000000706600000, 0x0000000706800000|  0%| F|  |TAMS 0x0000000706600000, 0x0000000706600000| Untracked 
|  46|0x0000000706800000, 0x0000000706800000, 0x0000000706a00000|  0%| F|  |TAMS 0x0000000706800000, 0x0000000706800000| Untracked 
|  47|0x0000000706a00000, 0x0000000706a00000, 0x0000000706c00000|  0%| F|  |TAMS 0x0000000706a00000, 0x0000000706a00000| Untracked 
|  48|0x0000000706c00000, 0x0000000706c00000, 0x0000000706e00000|  0%| F|  |TAMS 0x0000000706c00000, 0x0000000706c00000| Untracked 
|  49|0x0000000706e00000, 0x0000000706e00000, 0x0000000707000000|  0%| F|  |TAMS 0x0000000706e00000, 0x0000000706e00000| Untracked 
|  50|0x0000000707000000, 0x0000000707000000, 0x0000000707200000|  0%| F|  |TAMS 0x0000000707000000, 0x0000000707000000| Untracked 
|  51|0x0000000707200000, 0x0000000707200000, 0x0000000707400000|  0%| F|  |TAMS 0x0000000707200000, 0x0000000707200000| Untracked 
|  52|0x0000000707400000, 0x0000000707400000, 0x0000000707600000|  0%| F|  |TAMS 0x0000000707400000, 0x0000000707400000| Untracked 
|  53|0x0000000707600000, 0x0000000707600000, 0x0000000707800000|  0%| F|  |TAMS 0x0000000707600000, 0x0000000707600000| Untracked 
|  54|0x0000000707800000, 0x0000000707800000, 0x0000000707a00000|  0%| F|  |TAMS 0x0000000707800000, 0x0000000707800000| Untracked 
|  55|0x0000000707a00000, 0x0000000707a00000, 0x0000000707c00000|  0%| F|  |TAMS 0x0000000707a00000, 0x0000000707a00000| Untracked 
|  56|0x0000000707c00000, 0x0000000707c00000, 0x0000000707e00000|  0%| F|  |TAMS 0x0000000707c00000, 0x0000000707c00000| Untracked 
|  57|0x0000000707e00000, 0x0000000708000000, 0x0000000708000000|100%| S|CS|TAMS 0x0000000707e00000, 0x0000000707e00000| Complete 
|  58|0x0000000708000000, 0x0000000708200000, 0x0000000708200000|100%| S|CS|TAMS 0x0000000708000000, 0x0000000708000000| Complete 
|  59|0x0000000708200000, 0x0000000708400000, 0x0000000708400000|100%| S|CS|TAMS 0x0000000708200000, 0x0000000708200000| Complete 
|  60|0x0000000708400000, 0x0000000708600000, 0x0000000708600000|100%| S|CS|TAMS 0x0000000708400000, 0x0000000708400000| Complete 
|  61|0x0000000708600000, 0x0000000708800000, 0x0000000708800000|100%| S|CS|TAMS 0x0000000708600000, 0x0000000708600000| Complete 
|  62|0x0000000708800000, 0x0000000708a00000, 0x0000000708a00000|100%| S|CS|TAMS 0x0000000708800000, 0x0000000708800000| Complete 
|  63|0x0000000708a00000, 0x0000000708c00000, 0x0000000708c00000|100%| S|CS|TAMS 0x0000000708a00000, 0x0000000708a00000| Complete 
|  64|0x0000000708c00000, 0x0000000708e00000, 0x0000000708e00000|100%| S|CS|TAMS 0x0000000708c00000, 0x0000000708c00000| Complete 
|  65|0x0000000708e00000, 0x0000000708e00000, 0x0000000709000000|  0%| F|  |TAMS 0x0000000708e00000, 0x0000000708e00000| Untracked 
|  66|0x0000000709000000, 0x0000000709000000, 0x0000000709200000|  0%| F|  |TAMS 0x0000000709000000, 0x0000000709000000| Untracked 
|  67|0x0000000709200000, 0x0000000709200000, 0x0000000709400000|  0%| F|  |TAMS 0x0000000709200000, 0x0000000709200000| Untracked 
|  68|0x0000000709400000, 0x0000000709400000, 0x0000000709600000|  0%| F|  |TAMS 0x0000000709400000, 0x0000000709400000| Untracked 
|  69|0x0000000709600000, 0x0000000709600000, 0x0000000709800000|  0%| F|  |TAMS 0x0000000709600000, 0x0000000709600000| Untracked 
|  70|0x0000000709800000, 0x0000000709800000, 0x0000000709a00000|  0%| F|  |TAMS 0x0000000709800000, 0x0000000709800000| Untracked 
|  71|0x0000000709a00000, 0x0000000709a00000, 0x0000000709c00000|  0%| F|  |TAMS 0x0000000709a00000, 0x0000000709a00000| Untracked 
|  72|0x0000000709c00000, 0x0000000709c00000, 0x0000000709e00000|  0%| F|  |TAMS 0x0000000709c00000, 0x0000000709c00000| Untracked 
|  73|0x0000000709e00000, 0x0000000709e00000, 0x000000070a000000|  0%| F|  |TAMS 0x0000000709e00000, 0x0000000709e00000| Untracked 
|  74|0x000000070a000000, 0x000000070a000000, 0x000000070a200000|  0%| F|  |TAMS 0x000000070a000000, 0x000000070a000000| Untracked 
|  75|0x000000070a200000, 0x000000070a200000, 0x000000070a400000|  0%| F|  |TAMS 0x000000070a200000, 0x000000070a200000| Untracked 
|  76|0x000000070a400000, 0x000000070a400000, 0x000000070a600000|  0%| F|  |TAMS 0x000000070a400000, 0x000000070a400000| Untracked 
|  77|0x000000070a600000, 0x000000070a600000, 0x000000070a800000|  0%| F|  |TAMS 0x000000070a600000, 0x000000070a600000| Untracked 
|  78|0x000000070a800000, 0x000000070a800000, 0x000000070aa00000|  0%| F|  |TAMS 0x000000070a800000, 0x000000070a800000| Untracked 
|  79|0x000000070aa00000, 0x000000070aa00000, 0x000000070ac00000|  0%| F|  |TAMS 0x000000070aa00000, 0x000000070aa00000| Untracked 
|  80|0x000000070ac00000, 0x000000070ac00000, 0x000000070ae00000|  0%| F|  |TAMS 0x000000070ac00000, 0x000000070ac00000| Untracked 
|  81|0x000000070ae00000, 0x000000070ae00000, 0x000000070b000000|  0%| F|  |TAMS 0x000000070ae00000, 0x000000070ae00000| Untracked 
|  82|0x000000070b000000, 0x000000070b000000, 0x000000070b200000|  0%| F|  |TAMS 0x000000070b000000, 0x000000070b000000| Untracked 
|  83|0x000000070b200000, 0x000000070b200000, 0x000000070b400000|  0%| F|  |TAMS 0x000000070b200000, 0x000000070b200000| Untracked 
|  84|0x000000070b400000, 0x000000070b400000, 0x000000070b600000|  0%| F|  |TAMS 0x000000070b400000, 0x000000070b400000| Untracked 
|  85|0x000000070b600000, 0x000000070b600000, 0x000000070b800000|  0%| F|  |TAMS 0x000000070b600000, 0x000000070b600000| Untracked 
|  86|0x000000070b800000, 0x000000070b800000, 0x000000070ba00000|  0%| F|  |TAMS 0x000000070b800000, 0x000000070b800000| Untracked 
|  87|0x000000070ba00000, 0x000000070ba00000, 0x000000070bc00000|  0%| F|  |TAMS 0x000000070ba00000, 0x000000070ba00000| Untracked 
|  88|0x000000070bc00000, 0x000000070bc00000, 0x000000070be00000|  0%| F|  |TAMS 0x000000070bc00000, 0x000000070bc00000| Untracked 
|  89|0x000000070be00000, 0x000000070be00000, 0x000000070c000000|  0%| F|  |TAMS 0x000000070be00000, 0x000000070be00000| Untracked 
|  90|0x000000070c000000, 0x000000070c000000, 0x000000070c200000|  0%| F|  |TAMS 0x000000070c000000, 0x000000070c000000| Untracked 
|  91|0x000000070c200000, 0x000000070c200000, 0x000000070c400000|  0%| F|  |TAMS 0x000000070c200000, 0x000000070c200000| Untracked 
|  92|0x000000070c400000, 0x000000070c400000, 0x000000070c600000|  0%| F|  |TAMS 0x000000070c400000, 0x000000070c400000| Untracked 
|  93|0x000000070c600000, 0x000000070c600000, 0x000000070c800000|  0%| F|  |TAMS 0x000000070c600000, 0x000000070c600000| Untracked 
|  94|0x000000070c800000, 0x000000070c800000, 0x000000070ca00000|  0%| F|  |TAMS 0x000000070c800000, 0x000000070c800000| Untracked 
|  95|0x000000070ca00000, 0x000000070ca00000, 0x000000070cc00000|  0%| F|  |TAMS 0x000000070ca00000, 0x000000070ca00000| Untracked 
|  96|0x000000070cc00000, 0x000000070cc00000, 0x000000070ce00000|  0%| F|  |TAMS 0x000000070cc00000, 0x000000070cc00000| Untracked 
|  97|0x000000070ce00000, 0x000000070ce00000, 0x000000070d000000|  0%| F|  |TAMS 0x000000070ce00000, 0x000000070ce00000| Untracked 
|  98|0x000000070d000000, 0x000000070d000000, 0x000000070d200000|  0%| F|  |TAMS 0x000000070d000000, 0x000000070d000000| Untracked 
|  99|0x000000070d200000, 0x000000070d200000, 0x000000070d400000|  0%| F|  |TAMS 0x000000070d200000, 0x000000070d200000| Untracked 
| 100|0x000000070d400000, 0x000000070d400000, 0x000000070d600000|  0%| F|  |TAMS 0x000000070d400000, 0x000000070d400000| Untracked 
| 101|0x000000070d600000, 0x000000070d600000, 0x000000070d800000|  0%| F|  |TAMS 0x000000070d600000, 0x000000070d600000| Untracked 
| 102|0x000000070d800000, 0x000000070d800000, 0x000000070da00000|  0%| F|  |TAMS 0x000000070d800000, 0x000000070d800000| Untracked 
| 103|0x000000070da00000, 0x000000070da00000, 0x000000070dc00000|  0%| F|  |TAMS 0x000000070da00000, 0x000000070da00000| Untracked 
| 104|0x000000070dc00000, 0x000000070dc00000, 0x000000070de00000|  0%| F|  |TAMS 0x000000070dc00000, 0x000000070dc00000| Untracked 
| 105|0x000000070de00000, 0x000000070de00000, 0x000000070e000000|  0%| F|  |TAMS 0x000000070de00000, 0x000000070de00000| Untracked 
| 106|0x000000070e000000, 0x000000070e000000, 0x000000070e200000|  0%| F|  |TAMS 0x000000070e000000, 0x000000070e000000| Untracked 
| 107|0x000000070e200000, 0x000000070e200000, 0x000000070e400000|  0%| F|  |TAMS 0x000000070e200000, 0x000000070e200000| Untracked 
| 108|0x000000070e400000, 0x000000070e400000, 0x000000070e600000|  0%| F|  |TAMS 0x000000070e400000, 0x000000070e400000| Untracked 
| 109|0x000000070e600000, 0x000000070e600000, 0x000000070e800000|  0%| F|  |TAMS 0x000000070e600000, 0x000000070e600000| Untracked 
| 110|0x000000070e800000, 0x000000070e800000, 0x000000070ea00000|  0%| F|  |TAMS 0x000000070e800000, 0x000000070e800000| Untracked 
| 111|0x000000070ea00000, 0x000000070ea00000, 0x000000070ec00000|  0%| F|  |TAMS 0x000000070ea00000, 0x000000070ea00000| Untracked 
| 112|0x000000070ec00000, 0x000000070ec00000, 0x000000070ee00000|  0%| F|  |TAMS 0x000000070ec00000, 0x000000070ec00000| Untracked 
| 113|0x000000070ee00000, 0x000000070ee00000, 0x000000070f000000|  0%| F|  |TAMS 0x000000070ee00000, 0x000000070ee00000| Untracked 
| 114|0x000000070f000000, 0x000000070f000000, 0x000000070f200000|  0%| F|  |TAMS 0x000000070f000000, 0x000000070f000000| Untracked 
| 115|0x000000070f200000, 0x000000070f200000, 0x000000070f400000|  0%| F|  |TAMS 0x000000070f200000, 0x000000070f200000| Untracked 
| 116|0x000000070f400000, 0x000000070f400000, 0x000000070f600000|  0%| F|  |TAMS 0x000000070f400000, 0x000000070f400000| Untracked 
| 117|0x000000070f600000, 0x000000070f600000, 0x000000070f800000|  0%| F|  |TAMS 0x000000070f600000, 0x000000070f600000| Untracked 
| 118|0x000000070f800000, 0x000000070f800000, 0x000000070fa00000|  0%| F|  |TAMS 0x000000070f800000, 0x000000070f800000| Untracked 
| 119|0x000000070fa00000, 0x000000070fa00000, 0x000000070fc00000|  0%| F|  |TAMS 0x000000070fa00000, 0x000000070fa00000| Untracked 
| 120|0x000000070fc00000, 0x000000070fc00000, 0x000000070fe00000|  0%| F|  |TAMS 0x000000070fc00000, 0x000000070fc00000| Untracked 
| 121|0x000000070fe00000, 0x000000070fe00000, 0x0000000710000000|  0%| F|  |TAMS 0x000000070fe00000, 0x000000070fe00000| Untracked 
| 122|0x0000000710000000, 0x0000000710000000, 0x0000000710200000|  0%| F|  |TAMS 0x0000000710000000, 0x0000000710000000| Untracked 
| 123|0x0000000710200000, 0x0000000710200000, 0x0000000710400000|  0%| F|  |TAMS 0x0000000710200000, 0x0000000710200000| Untracked 
| 124|0x0000000710400000, 0x0000000710400000, 0x0000000710600000|  0%| F|  |TAMS 0x0000000710400000, 0x0000000710400000| Untracked 
| 125|0x0000000710600000, 0x0000000710600000, 0x0000000710800000|  0%| F|  |TAMS 0x0000000710600000, 0x0000000710600000| Untracked 
| 126|0x0000000710800000, 0x0000000710800000, 0x0000000710a00000|  0%| F|  |TAMS 0x0000000710800000, 0x0000000710800000| Untracked 
| 127|0x0000000710a00000, 0x0000000710a00000, 0x0000000710c00000|  0%| F|  |TAMS 0x0000000710a00000, 0x0000000710a00000| Untracked 

Card table byte_map: [0x0000014af61a0000,0x0000014af69a0000] _byte_map_base: 0x0000014af299a000

Marking Bits (Prev, Next): (CMBitMap*) 0x0000014aed9bb470, (CMBitMap*) 0x0000014aed9bb4b0
 Prev Bits: [0x0000014af71a0000, 0x0000014afb170000)
 Next Bits: [0x0000014afb170000, 0x0000014aff140000)

Polling page: 0x0000014aeb590000

Metaspace:

Usage:
  Non-class:      3.55 MB used.
      Class:    338.92 KB used.
       Both:      3.88 MB used.

Virtual space:
  Non-class space:       64.00 MB reserved,       3.62 MB (  6%) committed,  1 nodes.
      Class space:        1.00 GB reserved,     448.00 KB ( <1%) committed,  1 nodes.
             Both:        1.06 GB reserved,       4.06 MB ( <1%) committed. 

Chunk freelists:
   Non-Class:  10.70 MB
       Class:  15.59 MB
        Both:  26.30 MB

MaxMetaspaceSize: unlimited
CompressedClassSpaceSize: 1.00 GB
Initial GC threshold: 21.00 MB
Current GC threshold: 21.00 MB
CDS: on
MetaspaceReclaimPolicy: balanced
 - commit_granule_bytes: 65536.
 - commit_granule_words: 8192.
 - virtual_space_node_default_size: 8388608.
 - enlarge_chunks_in_place: 1.
 - new_chunks_are_fully_committed: 0.
 - uncommit_free_chunks: 1.
 - use_allocation_guard: 0.
 - handle_deallocations: 1.


Internal statistics:

num_allocs_failed_limit: 0.
num_arena_births: 10.
num_arena_deaths: 0.
num_vsnodes_births: 2.
num_vsnodes_deaths: 0.
num_space_committed: 65.
num_space_uncommitted: 0.
num_chunks_returned_to_freelist: 0.
num_chunks_taken_from_freelist: 78.
num_chunk_merges: 0.
num_chunk_splits: 52.
num_chunks_enlarged: 47.
num_inconsistent_stats: 0.

CodeHeap 'non-profiled nmethods': size=120000Kb used=756Kb max_used=756Kb free=119243Kb
 bounds [0x0000014a87ad0000, 0x0000014a87d40000, 0x0000014a8f000000]
CodeHeap 'profiled nmethods': size=120000Kb used=2997Kb max_used=2997Kb free=117002Kb
 bounds [0x0000014a80000000, 0x0000014a802f0000, 0x0000014a87530000]
CodeHeap 'non-nmethods': size=5760Kb used=1148Kb max_used=1190Kb free=4611Kb
 bounds [0x0000014a87530000, 0x0000014a877a0000, 0x0000014a87ad0000]
 total_blobs=1910 nmethods=1471 adapters=352
 compilation: enabled
              stopped_count=0, restarted_count=0
 full_count=0

Compilation events (20 events):
Event: 0.974 Thread 0x0000014ad2036810 1478       3       org.objectweb.asm.AnnotationVisitor::<init> (7 bytes)
Event: 0.974 Thread 0x0000014ad2036810 nmethod 1478 0x0000014a802ead10 code [0x0000014a802eaec0, 0x0000014a802eb008]
Event: 0.974 Thread 0x0000014ad2036810 1479       3       org.objectweb.asm.tree.AnnotationNode::<init> (11 bytes)
Event: 0.974 Thread 0x0000014ad2036810 nmethod 1479 0x0000014a802eb090 code [0x0000014a802eb240, 0x0000014a802eb468]
Event: 0.974 Thread 0x0000014ad2036810 1480       3       sun.net.www.protocol.jar.Handler::parseURL (173 bytes)
Event: 0.975 Thread 0x0000014ad2036810 nmethod 1480 0x0000014a802eb590 code [0x0000014a802eb840, 0x0000014a802ec3f8]
Event: 0.975 Thread 0x0000014ad2036810 1481       3       jdk.internal.loader.URLClassPath$JarLoader$2::<init> (31 bytes)
Event: 0.975 Thread 0x0000014ad2036810 nmethod 1481 0x0000014a802ec910 code [0x0000014a802ecac0, 0x0000014a802ece58]
Event: 0.975 Thread 0x0000014ad2036810 1483       1       java.net.URLConnection::getUseCaches (5 bytes)
Event: 0.975 Thread 0x0000014ad2036810 nmethod 1483 0x0000014a87b85a90 code [0x0000014a87b85c20, 0x0000014a87b85cf8]
Event: 0.976 Thread 0x0000014ad2262050 nmethod 1405 0x0000014a87b85d90 code [0x0000014a87b86100, 0x0000014a87b8a848]
Event: 0.976 Thread 0x0000014ad2262050 1482       4       java.io.WinNTFileSystem::isSlash (18 bytes)
Event: 0.977 Thread 0x0000014ad2262050 nmethod 1482 0x0000014a87b8ca90 code [0x0000014a87b8cc00, 0x0000014a87b8cc98]
Event: 0.977 Thread 0x0000014ad2262050 1452       4       java.lang.invoke.VarHandle::checkExactAccessMode (28 bytes)
Event: 0.977 Thread 0x0000014ad2262050 nmethod 1452 0x0000014a87b8cd90 code [0x0000014a87b8cf00, 0x0000014a87b8cf98]
Event: 0.977 Thread 0x0000014ad2262050 1399       4       org.objectweb.asm.tree.AbstractInsnNode::acceptAnnotations (141 bytes)
Event: 0.977 Thread 0x0000014ad2036810 1485       3       org.objectweb.asm.tree.ClassNode::visitNestMember (13 bytes)
Event: 0.977 Thread 0x0000014ad2262050 nmethod 1399 0x0000014a87b8d090 code [0x0000014a87b8d200, 0x0000014a87b8d2b8]
Event: 0.977 Thread 0x0000014ad2262050 1447       4       org.objectweb.asm.tree.MethodNode::visitLocalVariable (40 bytes)
Event: 0.977 Thread 0x0000014ad2036810 nmethod 1485 0x0000014a802ecf90 code [0x0000014a802ed160, 0x0000014a802ed4f8]

GC Heap History (9 events):
Event: 0.207 GC heap before
{Heap before GC invocations=0 (full 0):
 garbage-first heap   total 262144K, used 20480K [0x0000000700c00000, 0x0000000800000000)
  region size 2048K, 11 young (22528K), 0 survivors (0K)
 Metaspace       used 896K, committed 1024K, reserved 1114112K
  class space    used 66K, committed 128K, reserved 1048576K
}
Event: 0.216 GC heap after
{Heap after GC invocations=1 (full 0):
 garbage-first heap   total 262144K, used 18183K [0x0000000700c00000, 0x0000000800000000)
  region size 2048K, 2 young (4096K), 2 survivors (4096K)
 Metaspace       used 896K, committed 1024K, reserved 1114112K
  class space    used 66K, committed 128K, reserved 1048576K
}
Event: 0.254 GC heap before
{Heap before GC invocations=1 (full 0):
 garbage-first heap   total 262144K, used 30471K [0x0000000700c00000, 0x0000000800000000)
  region size 2048K, 8 young (16384K), 2 survivors (4096K)
 Metaspace       used 1013K, committed 1152K, reserved 1114112K
  class space    used 76K, committed 128K, reserved 1048576K
}
Event: 0.258 GC heap after
{Heap after GC invocations=2 (full 0):
 garbage-first heap   total 262144K, used 21880K [0x0000000700c00000, 0x0000000800000000)
  region size 2048K, 1 young (2048K), 1 survivors (2048K)
 Metaspace       used 1013K, committed 1152K, reserved 1114112K
  class space    used 76K, committed 128K, reserved 1048576K
}
Event: 0.293 GC heap before
{Heap before GC invocations=2 (full 0):
 garbage-first heap   total 262144K, used 46456K [0x0000000700c00000, 0x0000000800000000)
  region size 2048K, 13 young (26624K), 1 survivors (2048K)
 Metaspace       used 1013K, committed 1152K, reserved 1114112K
  class space    used 76K, committed 128K, reserved 1048576K
}
Event: 0.296 GC heap after
{Heap after GC invocations=3 (full 0):
 garbage-first heap   total 262144K, used 25198K [0x0000000700c00000, 0x0000000800000000)
  region size 2048K, 2 young (4096K), 2 survivors (4096K)
 Metaspace       used 1013K, committed 1152K, reserved 1114112K
  class space    used 76K, committed 128K, reserved 1048576K
}
Event: 0.413 GC heap before
{Heap before GC invocations=3 (full 0):
 garbage-first heap   total 262144K, used 111214K [0x0000000700c00000, 0x0000000800000000)
  region size 2048K, 44 young (90112K), 2 survivors (4096K)
 Metaspace       used 1014K, committed 1152K, reserved 1114112K
  class space    used 76K, committed 128K, reserved 1048576K
}
Event: 0.422 GC heap after
{Heap after GC invocations=4 (full 0):
 garbage-first heap   total 262144K, used 36864K [0x0000000700c00000, 0x0000000800000000)
  region size 2048K, 6 young (12288K), 6 survivors (12288K)
 Metaspace       used 1014K, committed 1152K, reserved 1114112K
  class space    used 76K, committed 128K, reserved 1048576K
}
Event: 0.981 GC heap before
{Heap before GC invocations=4 (full 0):
 garbage-first heap   total 262144K, used 159744K [0x0000000700c00000, 0x0000000800000000)
  region size 2048K, 63 young (129024K), 6 survivors (12288K)
 Metaspace       used 3977K, committed 4160K, reserved 1114112K
  class space    used 338K, committed 448K, reserved 1048576K
}

Dll operation events (7 events):
Event: 0.005 Loaded shared library D:\Pylo\MCreator\jdk\bin\java.dll
Event: 0.018 Loaded shared library D:\Pylo\MCreator\jdk\bin\jsvml.dll
Event: 0.109 Loaded shared library D:\Pylo\MCreator\jdk\bin\net.dll
Event: 0.110 Loaded shared library D:\Pylo\MCreator\jdk\bin\nio.dll
Event: 0.114 Loaded shared library D:\Pylo\MCreator\jdk\bin\zip.dll
Event: 0.119 Loaded shared library D:\Pylo\MCreator\jdk\bin\verify.dll
Event: 0.477 Loaded shared library D:\Pylo\MCreator\jdk\bin\jimage.dll

Deoptimization events (20 events):
Event: 0.650 Thread 0x0000014aed9504f0 Uncommon trap: trap_request=0xffffffde fr.pc=0x0000014a87b3c908 relative=0x0000000000001368
Event: 0.650 Thread 0x0000014aed9504f0 Uncommon trap: reason=class_check action=maybe_recompile pc=0x0000014a87b3c908 method=java.util.HashMap.putVal(ILjava/lang/Object;Ljava/lang/Object;ZZ)Ljava/lang/Object; @ 203 c2
Event: 0.650 Thread 0x0000014aed9504f0 DEOPT PACKING pc=0x0000014a87b3c908 sp=0x0000001da0efc3a0
Event: 0.650 Thread 0x0000014aed9504f0 DEOPT UNPACKING pc=0x0000014a875869a3 sp=0x0000001da0efc2f8 mode 2
Event: 0.650 Thread 0x0000014aed9504f0 Uncommon trap: trap_request=0xffffffde fr.pc=0x0000014a87b39be0 relative=0x00000000000013c0
Event: 0.650 Thread 0x0000014aed9504f0 Uncommon trap: reason=class_check action=maybe_recompile pc=0x0000014a87b39be0 method=java.util.HashMap.putVal(ILjava/lang/Object;Ljava/lang/Object;ZZ)Ljava/lang/Object; @ 203 c2
Event: 0.650 Thread 0x0000014aed9504f0 DEOPT PACKING pc=0x0000014a87b39be0 sp=0x0000001da0efc310
Event: 0.650 Thread 0x0000014aed9504f0 DEOPT UNPACKING pc=0x0000014a875869a3 sp=0x0000001da0efc2f0 mode 2
Event: 0.654 Thread 0x0000014aed9504f0 Uncommon trap: trap_request=0xffffff45 fr.pc=0x0000014a87afe960 relative=0x0000000000001be0
Event: 0.654 Thread 0x0000014aed9504f0 Uncommon trap: reason=unstable_if action=reinterpret pc=0x0000014a87afe960 method=java.lang.String.split(Ljava/lang/String;I)[Ljava/lang/String; @ 209 c2
Event: 0.654 Thread 0x0000014aed9504f0 DEOPT PACKING pc=0x0000014a87afe960 sp=0x0000001da0efcfc0
Event: 0.654 Thread 0x0000014aed9504f0 DEOPT UNPACKING pc=0x0000014a875869a3 sp=0x0000001da0efcf90 mode 2
Event: 0.769 Thread 0x0000014aed9504f0 Uncommon trap: trap_request=0xffffff45 fr.pc=0x0000014a87b591f0 relative=0x00000000000000f0
Event: 0.769 Thread 0x0000014aed9504f0 Uncommon trap: reason=unstable_if action=reinterpret pc=0x0000014a87b591f0 method=org.objectweb.asm.ByteVector.putShort(I)Lorg/objectweb/asm/ByteVector; @ 13 c2
Event: 0.769 Thread 0x0000014aed9504f0 DEOPT PACKING pc=0x0000014a87b591f0 sp=0x0000001da0eff020
Event: 0.769 Thread 0x0000014aed9504f0 DEOPT UNPACKING pc=0x0000014a875869a3 sp=0x0000001da0efefa8 mode 2
Event: 0.841 Thread 0x0000014aed9504f0 DEOPT PACKING pc=0x0000014a80035677 sp=0x0000001da0efe920
Event: 0.841 Thread 0x0000014aed9504f0 DEOPT UNPACKING pc=0x0000014a87587143 sp=0x0000001da0efddd0 mode 0
Event: 0.974 Thread 0x0000014aed9504f0 DEOPT PACKING pc=0x0000014a800f16db sp=0x0000001da0efdae0
Event: 0.974 Thread 0x0000014aed9504f0 DEOPT UNPACKING pc=0x0000014a87587143 sp=0x0000001da0efd000 mode 0

Classes unloaded (0 events):
No events

Classes redefined (0 events):
No events

Internal exceptions (2 events):
Event: 0.196 Thread 0x0000014aed9504f0 Implicit null exception at 0x0000014a87ae4753 to 0x0000014a87ae4a9c
Event: 0.588 Thread 0x0000014aed9504f0 Exception <a 'java/lang/NoSuchMethodError'{0x000000070d993ac0}: 'java.lang.Object java.lang.invoke.DirectMethodHandle$Holder.invokeStatic(java.lang.Object, int, java.lang.Object)'> (0x000000070d993ac0) 
thrown [s\src\hotspot\share\interpreter\linkResolver.cpp, line 759]

VM Operations (20 events):
Event: 0.296 Executing VM operation: G1CollectForAllocation done
Event: 0.413 Executing VM operation: G1CollectForAllocation
Event: 0.422 Executing VM operation: G1CollectForAllocation done
Event: 0.568 Executing VM operation: HandshakeAllThreads
Event: 0.568 Executing VM operation: HandshakeAllThreads done
Event: 0.608 Executing VM operation: HandshakeAllThreads
Event: 0.608 Executing VM operation: HandshakeAllThreads done
Event: 0.634 Executing VM operation: HandshakeAllThreads
Event: 0.634 Executing VM operation: HandshakeAllThreads done
Event: 0.634 Executing VM operation: HandshakeAllThreads
Event: 0.634 Executing VM operation: HandshakeAllThreads done
Event: 0.665 Executing VM operation: HandshakeAllThreads
Event: 0.665 Executing VM operation: HandshakeAllThreads done
Event: 0.669 Executing VM operation: HandshakeAllThreads
Event: 0.669 Executing VM operation: HandshakeAllThreads done
Event: 0.735 Executing VM operation: HandshakeAllThreads
Event: 0.735 Executing VM operation: HandshakeAllThreads done
Event: 0.739 Executing VM operation: ICBufferFull
Event: 0.739 Executing VM operation: ICBufferFull done
Event: 0.980 Executing VM operation: G1CollectForAllocation

Events (20 events):
Event: 0.664 loading class sun/net/www/protocol/jrt/JavaRuntimeURLConnection
Event: 0.664 loading class sun/net/www/protocol/jrt/JavaRuntimeURLConnection done
Event: 0.665 loading class sun/net/www/protocol/jrt/JavaRuntimeURLConnection$1
Event: 0.665 loading class sun/net/www/protocol/jrt/JavaRuntimeURLConnection$1 done
Event: 0.665 loading class jdk/internal/jimage/ImageBufferCache
Event: 0.665 loading class jdk/internal/jimage/ImageBufferCache done
Event: 0.665 loading class jdk/internal/jimage/ImageBufferCache$1
Event: 0.665 loading class jdk/internal/jimage/ImageBufferCache$1 done
Event: 0.665 loading class jdk/internal/jimage/ImageBufferCache$2
Event: 0.665 loading class jdk/internal/jimage/ImageBufferCache$2 done
Event: 0.666 loading class java/util/AbstractMap$SimpleEntry
Event: 0.666 loading class java/util/AbstractMap$SimpleEntry done
Event: 0.671 loading class java/util/Stack
Event: 0.671 loading class java/util/Stack done
Event: 0.679 loading class java/lang/TypeNotPresentException
Event: 0.679 loading class java/lang/TypeNotPresentException done
Event: 0.689 loading class jdk/internal/misc/ScopedMemoryAccess$Scope
Event: 0.689 loading class jdk/internal/misc/ScopedMemoryAccess$Scope done
Event: 0.736 loading class java/lang/NoSuchFieldError
Event: 0.736 loading class java/lang/NoSuchFieldError done


Dynamic libraries:
0x00007ff7bac60000 - 0x00007ff7bac6e000 	D:\Pylo\MCreator\jdk\bin\java.exe
0x00007ffb62b50000 - 0x00007ffb62d48000 	C:\Windows\SYSTEM32\ntdll.dll
0x00007ffb61c80000 - 0x00007ffb61d3d000 	C:\Windows\System32\KERNEL32.DLL
0x00007ffb604b0000 - 0x00007ffb607a6000 	C:\Windows\System32\KERNELBASE.dll
0x00007ffb607e0000 - 0x00007ffb608e0000 	C:\Windows\System32\ucrtbase.dll
0x00007ffb59f00000 - 0x00007ffb59f1b000 	D:\Pylo\MCreator\jdk\bin\VCRUNTIME140.dll
0x00007ffb57590000 - 0x00007ffb575a7000 	D:\Pylo\MCreator\jdk\bin\jli.dll
0x00007ffb61640000 - 0x00007ffb617df000 	C:\Windows\System32\USER32.dll
0x00007ffb55510000 - 0x00007ffb557aa000 	C:\Windows\WinSxS\amd64_microsoft.windows.common-controls_6595b64144ccf1df_6.0.19041.4355_none_60b8b9eb71f62e16\COMCTL32.dll
0x00007ffb607b0000 - 0x00007ffb607d2000 	C:\Windows\System32\win32u.dll
0x00007ffb617e0000 - 0x00007ffb6187e000 	C:\Windows\System32\msvcrt.dll
0x00007ffb62930000 - 0x00007ffb6295b000 	C:\Windows\System32\GDI32.dll
0x00007ffb608e0000 - 0x00007ffb609f7000 	C:\Windows\System32\gdi32full.dll
0x00007ffb60a50000 - 0x00007ffb60aed000 	C:\Windows\System32\msvcp_win.dll
0x00007ffb61960000 - 0x00007ffb61992000 	C:\Windows\System32\IMM32.DLL
0x00007ffb5be70000 - 0x00007ffb5be7c000 	D:\Pylo\MCreator\jdk\bin\vcruntime140_1.dll
0x00007ffb44960000 - 0x00007ffb449ed000 	D:\Pylo\MCreator\jdk\bin\msvcp140.dll
0x00007ffb16a60000 - 0x00007ffb176c1000 	D:\Pylo\MCreator\jdk\bin\server\jvm.dll
0x00007ffb619a0000 - 0x00007ffb61a50000 	C:\Windows\System32\ADVAPI32.dll
0x00007ffb61ac0000 - 0x00007ffb61b60000 	C:\Windows\System32\sechost.dll
0x00007ffb62650000 - 0x00007ffb62773000 	C:\Windows\System32\RPCRT4.dll
0x00007ffb60320000 - 0x00007ffb60347000 	C:\Windows\System32\bcrypt.dll
0x00007ffb503e0000 - 0x00007ffb50407000 	C:\Windows\SYSTEM32\WINMM.dll
0x00007ffb5f730000 - 0x00007ffb5f77b000 	C:\Windows\SYSTEM32\POWRPROF.dll
0x00007ffb56e10000 - 0x00007ffb56e19000 	C:\Windows\SYSTEM32\WSOCK32.dll
0x00007ffb58f80000 - 0x00007ffb58f8a000 	C:\Windows\SYSTEM32\VERSION.dll
0x00007ffb61c10000 - 0x00007ffb61c7b000 	C:\Windows\System32\WS2_32.dll
0x00007ffb5f5f0000 - 0x00007ffb5f602000 	C:\Windows\SYSTEM32\UMPDC.dll
0x00007ffb5e0a0000 - 0x00007ffb5e0b2000 	C:\Windows\SYSTEM32\kernel.appcore.dll
0x00007ffb5bd50000 - 0x00007ffb5bd5a000 	D:\Pylo\MCreator\jdk\bin\jimage.dll
0x00007ffb4ec10000 - 0x00007ffb4edf4000 	C:\Windows\SYSTEM32\DBGHELP.DLL
0x00007ffb3f900000 - 0x00007ffb3f934000 	C:\Windows\SYSTEM32\dbgcore.DLL
0x00007ffb60af0000 - 0x00007ffb60b72000 	C:\Windows\System32\bcryptPrimitives.dll
0x00007ffb45e60000 - 0x00007ffb45e85000 	D:\Pylo\MCreator\jdk\bin\java.dll
0x00007ffb43a80000 - 0x00007ffb43b57000 	D:\Pylo\MCreator\jdk\bin\jsvml.dll
0x00007ffb60be0000 - 0x00007ffb6134b000 	C:\Windows\System32\SHELL32.dll
0x00007ffb5e2a0000 - 0x00007ffb5ea3d000 	C:\Windows\SYSTEM32\windows.storage.dll
0x00007ffb61d40000 - 0x00007ffb62093000 	C:\Windows\System32\combase.dll
0x00007ffb5fc20000 - 0x00007ffb5fc4e000 	C:\Windows\SYSTEM32\Wldp.dll
0x00007ffb62780000 - 0x00007ffb6284d000 	C:\Windows\System32\OLEAUT32.dll
0x00007ffb61350000 - 0x00007ffb613fd000 	C:\Windows\System32\SHCORE.dll
0x00007ffb61900000 - 0x00007ffb61955000 	C:\Windows\System32\shlwapi.dll
0x00007ffb60130000 - 0x00007ffb60154000 	C:\Windows\SYSTEM32\profapi.dll
0x00007ffb57040000 - 0x00007ffb57059000 	D:\Pylo\MCreator\jdk\bin\net.dll
0x00007ffb591b0000 - 0x00007ffb592ba000 	C:\Windows\SYSTEM32\WINHTTP.dll
0x00007ffb5f980000 - 0x00007ffb5f9ea000 	C:\Windows\system32\mswsock.dll
0x00007ffb48830000 - 0x00007ffb48846000 	D:\Pylo\MCreator\jdk\bin\nio.dll
0x00007ffb46f80000 - 0x00007ffb46f98000 	D:\Pylo\MCreator\jdk\bin\zip.dll
0x00007ffb45b30000 - 0x00007ffb45b40000 	D:\Pylo\MCreator\jdk\bin\verify.dll

dbghelp: loaded successfully - version: 4.0.5 - missing functions: none
symbol engine: initialized successfully - sym options: 0x614 - pdb path: .;D:\Pylo\MCreator\jdk\bin;C:\Windows\SYSTEM32;C:\Windows\WinSxS\amd64_microsoft.windows.common-controls_6595b64144ccf1df_6.0.19041.4355_none_60b8b9eb71f62e16;D:\Pylo\MCreator\jdk\bin\server

VM Arguments:
jvm_args: -Dfile.encoding=UTF-8 -Duser.country=US -Duser.language=en -Duser.variant 
java_command: net.md_5.specialsource.SpecialSource --in-jar D:\Workspace For Now\FNAFMod\build\libs\modid-1.0.jar --out-jar D:\Workspace For Now\FNAFMod\build\reobfJar\output.jar --srg-in D:\Workspace For Now\FNAFMod\build\createMcpToSrg\output.tsrg --live
java_class_path (initial): C:\Users\mephilis\.mcreator\gradle\caches\forge_gradle\maven_downloader\net\md-5\SpecialSource\1.11.0\SpecialSource-1.11.0-shaded.jar;C:\Users\mephilis\.mcreator\gradle\caches\forge_gradle\deobf_dependencies\software\bernie\geckolib\geckolib-forge-1.19\3.1.40_mapped_official_1.19.2\geckolib-forge-1.19-3.1.40_mapped_official_1.19.2.jar;D:\Workspace For Now\FNAFMod\build\fg_cache\net\minecraftforge\forge\1.19.2-43.3.5_mapped_official_1.19.2\forge-1.19.2-43.3.5_mapped_official_1.19.2.jar;C:\Users\mephilis\.mcreator\gradle\caches\forge_gradle\minecraft_repo\versions\1.19.2\client-extra.jar;C:\Users\mephilis\.mcreator\gradle\caches\modules-2\files-2.1\net.minecraftforge\fmlloader\1.19.2-43.3.5\6c2c277bb01f4307dce958576b97132cf276507e\fmlloader-1.19.2-43.3.5.jar;C:\Users\mephilis\.mcreator\gradle\caches\modules-2\files-2.1\net.minecraftforge\JarJarSelector\0.3.16\2a31421fb5e267249da103a644f23afb43d158af\JarJarSelector-0.3.16.jar;C:\Users\mephilis\.mcreator\gradle\caches\modules-2\files-2.1\net.minecraftforge\JarJarMetadata\0.3.16\f62c8c898dffc8666f5097a8587ed72095e8e83a\JarJarMetadata-0.3.16.jar;C:\Users\mephilis\.mcreator\gradle\caches\modules-2\files-2.1\com.google.guava\guava\31.0.1-jre\119ea2b2bc205b138974d351777b20f02b92704b\guava-31.0.1-jre.jar;C:\Users\mephilis\.mcreator\gradle\caches\modules-2\files-2.1\com.google.code.findbugs\jsr305\3.0.2\25ea2e8b0c338a877313bd4672d3fe056ea78f0d\jsr305-3.0.2.jar;C:\Users\mephilis\.mcreator\gradle\caches\modules-2\files-2.1\ca.weblite\java-objc-bridge\1.1\1227f9e0666314f9de41477e3ec277e542ed7f7b\java-objc-bridge-1.1.jar;C:\Users\mephilis\.mcreator\gradle\caches\modules-2\files-2.1\net.minecraftforge\mergetool\1.1.5\f3da18e12c696d35a47c82cbb2cc8b5aa15e1154\mergetool-1.1.5-api.jar;C:\Users\mephilis\.mcreator\gradle\caches\modules-2\files-2.1\org.jetbrains\annotations\23.0.0\8cc20c07506ec18e0834947b84a864bfc094484e\annotations-23.0.0.jar;C:\Users\mephilis\.mcreator\gradle\caches\modules-2\files-2.1\cpw.m
Launcher Type: SUN_STANDARD

[Global flags]
     intx CICompilerCount                          = 4                                         {product} {ergonomic}
     uint ConcGCThreads                            = 3                                         {product} {ergonomic}
     uint G1ConcRefinementThreads                  = 10                                        {product} {ergonomic}
   size_t G1HeapRegionSize                         = 2097152                                   {product} {ergonomic}
    uintx GCDrainStackTargetSize                   = 64                                        {product} {ergonomic}
   size_t InitialHeapSize                          = 268435456                                 {product} {ergonomic}
   size_t MarkStackSize                            = 4194304                                   {product} {ergonomic}
   size_t MaxHeapSize                              = 4282384384                                {product} {ergonomic}
   size_t MaxNewSize                               = 2569011200                                {product} {ergonomic}
   size_t MinHeapDeltaBytes                        = 2097152                                   {product} {ergonomic}
   size_t MinHeapSize                              = 8388608                                   {product} {ergonomic}
    uintx NonNMethodCodeHeapSize                   = 5839372                                {pd product} {ergonomic}
    uintx NonProfiledCodeHeapSize                  = 122909434                              {pd product} {ergonomic}
    uintx ProfiledCodeHeapSize                     = 122909434                              {pd product} {ergonomic}
    uintx ReservedCodeCacheSize                    = 251658240                              {pd product} {ergonomic}
     bool SegmentedCodeCache                       = true                                      {product} {ergonomic}
   size_t SoftMaxHeapSize                          = 4282384384                             {manageable} {ergonomic}
     bool UseCompressedClassPointers               = true                           {product lp64_product} {ergonomic}
     bool UseCompressedOops                        = true                           {product lp64_product} {ergonomic}
     bool UseG1GC                                  = true                                      {product} {ergonomic}
     bool UseLargePagesIndividualAllocation        = false                                  {pd product} {ergonomic}

Logging:
Log output configuration:
 #0: stdout all=warning uptime,level,tags
 #1: stderr all=off uptime,level,tags

Environment Variables:
JAVA_HOME=D:\Pylo\MCreator\jdk
PATH=C:\Program Files\Eclipse Adoptium\jdk-21.0.2.13-hotspot\bin;D:\Oculus\Support\oculus-runtime;C:\Program Files\NVIDIA GPU Computing Toolkit\CUDA\v11.8\bin;C:\Program Files\NVIDIA GPU Computing Toolkit\CUDA\v11.8\libnvvp;C:\Program Files\Common Files\Oracle\Java\javapath;C:\Program Files (x86)\Common Files\Oracle\Java\javapath;C:\Program Files (x86)\Common Files\Intel\Shared Libraries\redist\intel64_win\compiler;C:\Windows\system32;C:\Windows;C:\Windows\System32\Wbem;C:\Windows\System32\WindowsPowerShell\v1.0\;C:\Windows\System32\OpenSSH\;C:\Program Files\NVIDIA Corporation\NVIDIA NvDLISR;C:\Program Files (x86)\NVIDIA Corporation\PhysX\Common;C:\Program Files\dotnet\;C:\Program Files\Microsoft SQL Server\130\Tools\Binn\;C:\Program Files\Java\jdk1.8.0_271\bin;D:\WorldPainter;C:\ProgramData\chocolatey\bin;C:\Program Files\Git\cmd;C:\Users\mephilis\AppData\Local\Microsoft\WindowsApps;C:\Users\mephilis\.dotnet\tools;C:\Program Files\JetBrains\IntelliJ IDEA Community Edition 2021.1\bin;;C:\Users\mephilis\AppData\Local\GitHubDesktop\bin;D:\Pylo\MCreator\jdk\bin
USERNAME=mephilis
OS=Windows_NT
PROCESSOR_IDENTIFIER=AMD64 Family 23 Model 113 Stepping 0, AuthenticAMD
TMP=C:\Users\mephilis\AppData\Local\Temp
TEMP=C:\Users\mephilis\AppData\Local\Temp



Periodic native trim disabled


---------------  S Y S T E M  ---------------

OS:
 Windows 10 , 64 bit Build 19041 (10.0.19041.3636)
OS uptime: 0 days 8:34 hours

CPU: total 12 (initial active 12) (12 cores per cpu, 2 threads per core) family 23 model 113 stepping 0 microcode 0x0, cx8, cmov, fxsr, ht, mmx, 3dnowpref, sse, sse2, sse3, ssse3, sse4a, sse4.1, sse4.2, popcnt, lzcnt, tsc, tscinvbit, avx, avx2, aes, clmul, bmi1, bmi2, adx, sha, fma, vzeroupper, clflush, clflushopt
Processor Information for all 12 processors :
  Max Mhz: 3800, Current Mhz: 3800, Mhz Limit: 3800

Memory: 4k page, system-wide physical 16333M (2595M free)
TotalPageFile size 25333M (AvailPageFile size 22M)
current process WorkingSet (physical memory assigned to process): 270M, peak: 270M
current process commit charge ("private bytes"): 400M, peak: 604M

vm_info: OpenJDK 64-Bit Server VM (17.0.9+9) for windows-amd64 JRE (17.0.9+9), built on Oct 26 2023 14:01:42 by "admin" with MS VC++ 16.10 / 16.11 (VS2019)

END.
