#
# There is insufficient memory for the Java Runtime Environment to continue.
# Native memory allocation (mmap) failed to map 222298112 bytes for G1 virtual space
# Possible reasons:
#   The system is out of physical RAM or swap space
#   The process is running with CompressedOops enabled, and the Java Heap may be blocking the growth of the native heap
# Possible solutions:
#   Reduce memory load on the system
#   Increase physical memory or swap space
#   Check if swap backing store is full
#   Decrease Java heap size (-Xmx/-Xms)
#   Decrease number of Java threads
#   Decrease Java thread stack sizes (-Xss)
#   Set larger code cache with -XX:ReservedCodeCacheSize=
#   JVM is running with Zero Based Compressed Oops mode in which the Java heap is
#     placed in the first 32GB address space. The Java Heap base address is the
#     maximum limit for the native heap growth. Please use -XX:HeapBaseMinAddress
#     to set the Java Heap base and to place the Java Heap above 32GB virtual address.
# This output file may be truncated or incomplete.
#
#  Out of Memory Error (os_windows.cpp:3613), pid=22148, tid=8492
#
# JRE version: OpenJDK Runtime Environment Temurin-17.0.9+9 (17.0.9+9) (build 17.0.9+9)
# Java VM: OpenJDK 64-Bit Server VM Temurin-17.0.9+9 (17.0.9+9, mixed mode, sharing, tiered, compressed oops, compressed class ptrs, g1 gc, windows-amd64)
# No core dump will be written. Minidumps are not enabled by default on client versions of Windows
#

---------------  S U M M A R Y ------------

Command Line: -Dfile.encoding=UTF-8 -Duser.country=US -Duser.language=en -Duser.variant net.md_5.specialsource.SpecialSource --in-jar D:\Workspace For Now\FNAFMod\build\libs\modid-1.0.jar --out-jar D:\Workspace For Now\FNAFMod\build\reobfJar\output.jar --srg-in D:\Workspace For Now\FNAFMod\build\createMcpToSrg\output.tsrg --live

Host: AMD Ryzen 5 3600X 6-Core Processor             , 12 cores, 15G,  Windows 10 , 64 bit Build 19041 (10.0.19041.3636)
Time: Sun May 19 22:38:23 2024 GTB Summer Time elapsed time: 0.856038 seconds (0d 0h 0m 0s)

---------------  T H R E A D  ---------------

Current thread (0x0000026a3b8e2d20):  VMThread "VM Thread" [stack: 0x000000dbbdb00000,0x000000dbbdc00000] [id=8492]

Stack: [0x000000dbbdb00000,0x000000dbbdc00000]
Native frames: (J=compiled Java code, j=interpreted, Vv=VM code, C=native code)
V  [jvm.dll+0x67cf49]
V  [jvm.dll+0x83478a]
V  [jvm.dll+0x83624e]
V  [jvm.dll+0x8368b3]
V  [jvm.dll+0x247f1f]
V  [jvm.dll+0x679d69]
V  [jvm.dll+0x66e6ba]
V  [jvm.dll+0x307e5b]
V  [jvm.dll+0x30f306]
V  [jvm.dll+0x35f0ce]
V  [jvm.dll+0x35f2ff]
V  [jvm.dll+0x2dea58]
V  [jvm.dll+0x2dcc34]
V  [jvm.dll+0x2dc23c]
V  [jvm.dll+0x3202bb]
V  [jvm.dll+0x83adab]
V  [jvm.dll+0x83baf1]
V  [jvm.dll+0x83c00d]
V  [jvm.dll+0x83c3e4]
V  [jvm.dll+0x83c4b0]
V  [jvm.dll+0x7e3c3a]
V  [jvm.dll+0x67be35]
C  [ucrtbase.dll+0x21bb2]
C  [KERNEL32.DLL+0x17344]
C  [ntdll.dll+0x526b1]

VM_Operation (0x000000dbbd5fcba0): G1CollectForAllocation, mode: safepoint, requested by thread 0x0000026a164b0000


---------------  P R O C E S S  ---------------

Threads class SMR info:
_java_thread_list=0x0000026a3bae3290, length=14, elements={
0x0000026a164b0000, 0x0000026a3b8e84d0, 0x0000026a3b8e9350, 0x0000026a3b8f9180,
0x0000026a3b8f9d40, 0x0000026a3b8fc810, 0x0000026a3b8fd970, 0x0000026a3b90ee70,
0x0000026a3b9116e0, 0x0000026a3b915070, 0x0000026a3ba87f10, 0x0000026a3ba9bad0,
0x0000026a3baabf30, 0x0000026a3baac450
}

Java Threads: ( => current thread )
  0x0000026a164b0000 JavaThread "main" [_thread_blocked, id=680, stack(0x000000dbbd500000,0x000000dbbd600000)]
  0x0000026a3b8e84d0 JavaThread "Reference Handler" daemon [_thread_blocked, id=10364, stack(0x000000dbbdc00000,0x000000dbbdd00000)]
  0x0000026a3b8e9350 JavaThread "Finalizer" daemon [_thread_blocked, id=14636, stack(0x000000dbbdd00000,0x000000dbbde00000)]
  0x0000026a3b8f9180 JavaThread "Signal Dispatcher" daemon [_thread_blocked, id=10132, stack(0x000000dbbde00000,0x000000dbbdf00000)]
  0x0000026a3b8f9d40 JavaThread "Attach Listener" daemon [_thread_blocked, id=11680, stack(0x000000dbbdf00000,0x000000dbbe000000)]
  0x0000026a3b8fc810 JavaThread "Service Thread" daemon [_thread_blocked, id=6496, stack(0x000000dbbe000000,0x000000dbbe100000)]
  0x0000026a3b8fd970 JavaThread "Monitor Deflation Thread" daemon [_thread_blocked, id=22400, stack(0x000000dbbe100000,0x000000dbbe200000)]
  0x0000026a3b90ee70 JavaThread "C2 CompilerThread0" daemon [_thread_blocked, id=13220, stack(0x000000dbbe200000,0x000000dbbe300000)]
  0x0000026a3b9116e0 JavaThread "C1 CompilerThread0" daemon [_thread_blocked, id=4384, stack(0x000000dbbe300000,0x000000dbbe400000)]
  0x0000026a3b915070 JavaThread "Sweeper thread" daemon [_thread_blocked, id=14932, stack(0x000000dbbe400000,0x000000dbbe500000)]
  0x0000026a3ba87f10 JavaThread "Notification Thread" daemon [_thread_blocked, id=3872, stack(0x000000dbbe500000,0x000000dbbe600000)]
  0x0000026a3ba9bad0 JavaThread "Common-Cleaner" daemon [_thread_blocked, id=11784, stack(0x000000dbbe700000,0x000000dbbe800000)]
  0x0000026a3baabf30 JavaThread "C2 CompilerThread1" daemon [_thread_in_native, id=9584, stack(0x000000dbbe800000,0x000000dbbe900000)]
  0x0000026a3baac450 JavaThread "C2 CompilerThread2" daemon [_thread_blocked, id=10920, stack(0x000000dbbe900000,0x000000dbbea00000)]

Other Threads:
=>0x0000026a3b8e2d20 VMThread "VM Thread" [stack: 0x000000dbbdb00000,0x000000dbbdc00000] [id=8492]
  0x0000026a3ba8a810 WatcherThread [stack: 0x000000dbbe600000,0x000000dbbe700000] [id=21960]
  0x0000026a1651a310 GCTaskThread "GC Thread#0" [stack: 0x000000dbbd600000,0x000000dbbd700000] [id=5444]
  0x0000026a3bb766b0 GCTaskThread "GC Thread#1" [stack: 0x000000dbbea00000,0x000000dbbeb00000] [id=6312]
  0x0000026a3bb482c0 GCTaskThread "GC Thread#2" [stack: 0x000000dbbeb00000,0x000000dbbec00000] [id=19228]
  0x0000026a3ba9ad90 GCTaskThread "GC Thread#3" [stack: 0x000000dbbec00000,0x000000dbbed00000] [id=8256]
  0x0000026a3babb510 GCTaskThread "GC Thread#4" [stack: 0x000000dbbed00000,0x000000dbbee00000] [id=17796]
  0x0000026a3babb7d0 GCTaskThread "GC Thread#5" [stack: 0x000000dbbee00000,0x000000dbbef00000] [id=2700]
  0x0000026a1652c7c0 ConcurrentGCThread "G1 Main Marker" [stack: 0x000000dbbd700000,0x000000dbbd800000] [id=16388]
  0x0000026a1652d980 ConcurrentGCThread "G1 Conc#0" [stack: 0x000000dbbd800000,0x000000dbbd900000] [id=19960]
  0x0000026a1654eab0 ConcurrentGCThread "G1 Refine#0" [stack: 0x000000dbbd900000,0x000000dbbda00000] [id=17100]
  0x0000026a3b57e7d0 ConcurrentGCThread "G1 Service" [stack: 0x000000dbbda00000,0x000000dbbdb00000] [id=19652]

Threads with active compile tasks:
C2 CompilerThread0      869 1422       4       net.md_5.specialsource.JarMapping::tryClimb (238 bytes)
C2 CompilerThread1      869 1107       4       org.objectweb.asm.ClassReader::readCode (5109 bytes)
C2 CompilerThread2      869 1371       4       jdk.internal.jimage.ImageStringsReader::hashCode (33 bytes)

VM state: at safepoint (normal execution)

VM Mutex/Monitor currently owned by a thread:  ([mutex/lock_event])
[0x0000026a164aa120] Threads_lock - owner thread: 0x0000026a3b8e2d20
[0x0000026a164a9ca0] Heap_lock - owner thread: 0x0000026a164b0000

Heap address: 0x0000000700c00000, size: 4084 MB, Compressed Oops mode: Zero based, Oop shift amount: 3

CDS archive(s) mapped at: [0x0000026a3c000000-0x0000026a3cba0000-0x0000026a3cba0000), size 12189696, SharedBaseAddress: 0x0000026a3c000000, ArchiveRelocationMode: 1.
Compressed class space mapped at: 0x0000026a3d000000-0x0000026a7d000000, reserved size: 1073741824
Narrow klass base: 0x0000026a3c000000, Narrow klass shift: 0, Narrow klass range: 0x100000000

GC Precious Log:
 CPUs: 12 total, 12 available
 Memory: 16333M
 Large Page Support: Disabled
 NUMA Support: Disabled
 Compressed Oops: Enabled (Zero based)
 Heap Region Size: 2M
 Heap Min Capacity: 8M
 Heap Initial Capacity: 256M
 Heap Max Capacity: 4084M
 Pre-touch: Disabled
 Parallel Workers: 10
 Concurrent Workers: 3
 Concurrent Refinement Workers: 10
 Periodic GC: Disabled

Heap:
 garbage-first heap   total 262144K, used 60524K [0x0000000700c00000, 0x0000000800000000)
  region size 2048K, 8 young (16384K), 8 survivors (16384K)
 Metaspace       used 3970K, committed 4160K, reserved 1114112K
  class space    used 339K, committed 448K, reserved 1048576K

Heap Regions: E=young(eden), S=young(survivor), O=old, HS=humongous(starts), HC=humongous(continues), CS=collection set, F=free, OA=open archive, CA=closed archive, TAMS=top-at-mark-start (previous, next)
|   0|0x0000000700c00000, 0x0000000700e00000, 0x0000000700e00000|100%| O|  |TAMS 0x0000000700c00000, 0x0000000700c00000| Untracked 
|   1|0x0000000700e00000, 0x0000000701000000, 0x0000000701000000|100%| O|  |TAMS 0x0000000700e00000, 0x0000000700e00000| Untracked 
|   2|0x0000000701000000, 0x0000000701200000, 0x0000000701200000|100%| O|  |TAMS 0x0000000701000000, 0x0000000701000000| Untracked 
|   3|0x0000000701200000, 0x0000000701400000, 0x0000000701400000|100%| O|  |TAMS 0x0000000701200000, 0x0000000701200000| Untracked 
|   4|0x0000000701400000, 0x0000000701600000, 0x0000000701600000|100%| O|  |TAMS 0x0000000701400000, 0x0000000701400000| Untracked 
|   5|0x0000000701600000, 0x0000000701800000, 0x0000000701800000|100%| O|  |TAMS 0x0000000701600000, 0x0000000701600000| Untracked 
|   6|0x0000000701800000, 0x0000000701a00000, 0x0000000701a00000|100%| O|  |TAMS 0x0000000701800000, 0x0000000701800000| Untracked 
|   7|0x0000000701a00000, 0x0000000701c00000, 0x0000000701c00000|100%| O|  |TAMS 0x0000000701a00000, 0x0000000701a00000| Untracked 
|   8|0x0000000701c00000, 0x0000000701e00000, 0x0000000701e00000|100%| O|  |TAMS 0x0000000701c00000, 0x0000000701c00000| Untracked 
|   9|0x0000000701e00000, 0x0000000702000000, 0x0000000702000000|100%| O|  |TAMS 0x0000000701e00000, 0x0000000701e00000| Untracked 
|  10|0x0000000702000000, 0x0000000702200000, 0x0000000702200000|100%| O|  |TAMS 0x0000000702000000, 0x0000000702000000| Untracked 
|  11|0x0000000702200000, 0x0000000702400000, 0x0000000702400000|100%| O|  |TAMS 0x0000000702200000, 0x0000000702200000| Untracked 
|  12|0x0000000702400000, 0x0000000702600000, 0x0000000702600000|100%| O|  |TAMS 0x0000000702400000, 0x0000000702400000| Untracked 
|  13|0x0000000702600000, 0x0000000702800000, 0x0000000702800000|100%|HS|  |TAMS 0x0000000702600000, 0x0000000702600000| Complete 
|  14|0x0000000702800000, 0x0000000702800000, 0x0000000702a00000|  0%| F|  |TAMS 0x0000000702800000, 0x0000000702800000| Untracked 
|  15|0x0000000702a00000, 0x0000000702c00000, 0x0000000702c00000|100%|HS|  |TAMS 0x0000000702a00000, 0x0000000702a00000| Complete 
|  16|0x0000000702c00000, 0x0000000702e00000, 0x0000000702e00000|100%| O|  |TAMS 0x0000000702c00000, 0x0000000702c00000| Untracked 
|  17|0x0000000702e00000, 0x0000000703000000, 0x0000000703000000|100%| O|  |TAMS 0x0000000702e00000, 0x0000000702e00000| Untracked 
|  18|0x0000000703000000, 0x0000000703200000, 0x0000000703200000|100%| O|  |TAMS 0x0000000703000000, 0x0000000703000000| Untracked 
|  19|0x0000000703200000, 0x0000000703400000, 0x0000000703400000|100%| O|  |TAMS 0x0000000703200000, 0x0000000703200000| Untracked 
|  20|0x0000000703400000, 0x0000000703600000, 0x0000000703600000|100%| O|  |TAMS 0x0000000703400000, 0x0000000703400000| Untracked 
|  21|0x0000000703600000, 0x0000000703800000, 0x0000000703800000|100%| O|  |TAMS 0x0000000703600000, 0x0000000703600000| Untracked 
|  22|0x0000000703800000, 0x000000070391b200, 0x0000000703a00000| 55%| O|  |TAMS 0x0000000703800000, 0x0000000703800000| Untracked 
|  23|0x0000000703a00000, 0x0000000703a00000, 0x0000000703c00000|  0%| F|  |TAMS 0x0000000703a00000, 0x0000000703a00000| Untracked 
|  24|0x0000000703c00000, 0x0000000703c00000, 0x0000000703e00000|  0%| F|  |TAMS 0x0000000703c00000, 0x0000000703c00000| Untracked 
|  25|0x0000000703e00000, 0x0000000703e00000, 0x0000000704000000|  0%| F|  |TAMS 0x0000000703e00000, 0x0000000703e00000| Untracked 
|  26|0x0000000704000000, 0x0000000704000000, 0x0000000704200000|  0%| F|  |TAMS 0x0000000704000000, 0x0000000704000000| Untracked 
|  27|0x0000000704200000, 0x0000000704200000, 0x0000000704400000|  0%| F|  |TAMS 0x0000000704200000, 0x0000000704200000| Untracked 
|  28|0x0000000704400000, 0x0000000704400000, 0x0000000704600000|  0%| F|  |TAMS 0x0000000704400000, 0x0000000704400000| Untracked 
|  29|0x0000000704600000, 0x0000000704600000, 0x0000000704800000|  0%| F|  |TAMS 0x0000000704600000, 0x0000000704600000| Untracked 
|  30|0x0000000704800000, 0x0000000704800000, 0x0000000704a00000|  0%| F|  |TAMS 0x0000000704800000, 0x0000000704800000| Untracked 
|  31|0x0000000704a00000, 0x0000000704a00000, 0x0000000704c00000|  0%| F|  |TAMS 0x0000000704a00000, 0x0000000704a00000| Untracked 
|  32|0x0000000704c00000, 0x0000000704c00000, 0x0000000704e00000|  0%| F|  |TAMS 0x0000000704c00000, 0x0000000704c00000| Untracked 
|  33|0x0000000704e00000, 0x0000000704e00000, 0x0000000705000000|  0%| F|  |TAMS 0x0000000704e00000, 0x0000000704e00000| Untracked 
|  34|0x0000000705000000, 0x0000000705000000, 0x0000000705200000|  0%| F|  |TAMS 0x0000000705000000, 0x0000000705000000| Untracked 
|  35|0x0000000705200000, 0x0000000705200000, 0x0000000705400000|  0%| F|  |TAMS 0x0000000705200000, 0x0000000705200000| Untracked 
|  36|0x0000000705400000, 0x0000000705400000, 0x0000000705600000|  0%| F|  |TAMS 0x0000000705400000, 0x0000000705400000| Untracked 
|  37|0x0000000705600000, 0x0000000705600000, 0x0000000705800000|  0%| F|  |TAMS 0x0000000705600000, 0x0000000705600000| Untracked 
|  38|0x0000000705800000, 0x0000000705800000, 0x0000000705a00000|  0%| F|  |TAMS 0x0000000705800000, 0x0000000705800000| Untracked 
|  39|0x0000000705a00000, 0x0000000705a00000, 0x0000000705c00000|  0%| F|  |TAMS 0x0000000705a00000, 0x0000000705a00000| Untracked 
|  40|0x0000000705c00000, 0x0000000705c00000, 0x0000000705e00000|  0%| F|  |TAMS 0x0000000705c00000, 0x0000000705c00000| Untracked 
|  41|0x0000000705e00000, 0x0000000705e00000, 0x0000000706000000|  0%| F|  |TAMS 0x0000000705e00000, 0x0000000705e00000| Untracked 
|  42|0x0000000706000000, 0x0000000706000000, 0x0000000706200000|  0%| F|  |TAMS 0x0000000706000000, 0x0000000706000000| Untracked 
|  43|0x0000000706200000, 0x0000000706200000, 0x0000000706400000|  0%| F|  |TAMS 0x0000000706200000, 0x0000000706200000| Untracked 
|  44|0x0000000706400000, 0x0000000706400000, 0x0000000706600000|  0%| F|  |TAMS 0x0000000706400000, 0x0000000706400000| Untracked 
|  45|0x0000000706600000, 0x0000000706600000, 0x0000000706800000|  0%| F|  |TAMS 0x0000000706600000, 0x0000000706600000| Untracked 
|  46|0x0000000706800000, 0x0000000706800000, 0x0000000706a00000|  0%| F|  |TAMS 0x0000000706800000, 0x0000000706800000| Untracked 
|  47|0x0000000706a00000, 0x0000000706a00000, 0x0000000706c00000|  0%| F|  |TAMS 0x0000000706a00000, 0x0000000706a00000| Untracked 
|  48|0x0000000706c00000, 0x0000000706c00000, 0x0000000706e00000|  0%| F|  |TAMS 0x0000000706c00000, 0x0000000706c00000| Untracked 
|  49|0x0000000706e00000, 0x0000000706e00000, 0x0000000707000000|  0%| F|  |TAMS 0x0000000706e00000, 0x0000000706e00000| Untracked 
|  50|0x0000000707000000, 0x0000000707000000, 0x0000000707200000|  0%| F|  |TAMS 0x0000000707000000, 0x0000000707000000| Untracked 
|  51|0x0000000707200000, 0x0000000707200000, 0x0000000707400000|  0%| F|  |TAMS 0x0000000707200000, 0x0000000707200000| Untracked 
|  52|0x0000000707400000, 0x0000000707400000, 0x0000000707600000|  0%| F|  |TAMS 0x0000000707400000, 0x0000000707400000| Untracked 
|  53|0x0000000707600000, 0x0000000707600000, 0x0000000707800000|  0%| F|  |TAMS 0x0000000707600000, 0x0000000707600000| Untracked 
|  54|0x0000000707800000, 0x0000000707800000, 0x0000000707a00000|  0%| F|  |TAMS 0x0000000707800000, 0x0000000707800000| Untracked 
|  55|0x0000000707a00000, 0x0000000707a00000, 0x0000000707c00000|  0%| F|  |TAMS 0x0000000707a00000, 0x0000000707a00000| Untracked 
|  56|0x0000000707c00000, 0x0000000707c00000, 0x0000000707e00000|  0%| F|  |TAMS 0x0000000707c00000, 0x0000000707c00000| Untracked 
|  57|0x0000000707e00000, 0x0000000708000000, 0x0000000708000000|100%| S|CS|TAMS 0x0000000707e00000, 0x0000000707e00000| Complete 
|  58|0x0000000708000000, 0x0000000708200000, 0x0000000708200000|100%| S|CS|TAMS 0x0000000708000000, 0x0000000708000000| Complete 
|  59|0x0000000708200000, 0x0000000708400000, 0x0000000708400000|100%| S|CS|TAMS 0x0000000708200000, 0x0000000708200000| Complete 
|  60|0x0000000708400000, 0x0000000708600000, 0x0000000708600000|100%| S|CS|TAMS 0x0000000708400000, 0x0000000708400000| Complete 
|  61|0x0000000708600000, 0x0000000708800000, 0x0000000708800000|100%| S|CS|TAMS 0x0000000708600000, 0x0000000708600000| Complete 
|  62|0x0000000708800000, 0x0000000708a00000, 0x0000000708a00000|100%| S|CS|TAMS 0x0000000708800000, 0x0000000708800000| Complete 
|  63|0x0000000708a00000, 0x0000000708c00000, 0x0000000708c00000|100%| S|CS|TAMS 0x0000000708a00000, 0x0000000708a00000| Complete 
|  64|0x0000000708c00000, 0x0000000708e00000, 0x0000000708e00000|100%| S|CS|TAMS 0x0000000708c00000, 0x0000000708c00000| Complete 
|  65|0x0000000708e00000, 0x0000000708e00000, 0x0000000709000000|  0%| F|  |TAMS 0x0000000708e00000, 0x0000000708e00000| Untracked 
|  66|0x0000000709000000, 0x0000000709000000, 0x0000000709200000|  0%| F|  |TAMS 0x0000000709000000, 0x0000000709000000| Untracked 
|  67|0x0000000709200000, 0x0000000709200000, 0x0000000709400000|  0%| F|  |TAMS 0x0000000709200000, 0x0000000709200000| Untracked 
|  68|0x0000000709400000, 0x0000000709400000, 0x0000000709600000|  0%| F|  |TAMS 0x0000000709400000, 0x0000000709400000| Untracked 
|  69|0x0000000709600000, 0x0000000709600000, 0x0000000709800000|  0%| F|  |TAMS 0x0000000709600000, 0x0000000709600000| Untracked 
|  70|0x0000000709800000, 0x0000000709800000, 0x0000000709a00000|  0%| F|  |TAMS 0x0000000709800000, 0x0000000709800000| Untracked 
|  71|0x0000000709a00000, 0x0000000709a00000, 0x0000000709c00000|  0%| F|  |TAMS 0x0000000709a00000, 0x0000000709a00000| Untracked 
|  72|0x0000000709c00000, 0x0000000709c00000, 0x0000000709e00000|  0%| F|  |TAMS 0x0000000709c00000, 0x0000000709c00000| Untracked 
|  73|0x0000000709e00000, 0x0000000709e00000, 0x000000070a000000|  0%| F|  |TAMS 0x0000000709e00000, 0x0000000709e00000| Untracked 
|  74|0x000000070a000000, 0x000000070a000000, 0x000000070a200000|  0%| F|  |TAMS 0x000000070a000000, 0x000000070a000000| Untracked 
|  75|0x000000070a200000, 0x000000070a200000, 0x000000070a400000|  0%| F|  |TAMS 0x000000070a200000, 0x000000070a200000| Untracked 
|  76|0x000000070a400000, 0x000000070a400000, 0x000000070a600000|  0%| F|  |TAMS 0x000000070a400000, 0x000000070a400000| Untracked 
|  77|0x000000070a600000, 0x000000070a600000, 0x000000070a800000|  0%| F|  |TAMS 0x000000070a600000, 0x000000070a600000| Untracked 
|  78|0x000000070a800000, 0x000000070a800000, 0x000000070aa00000|  0%| F|  |TAMS 0x000000070a800000, 0x000000070a800000| Untracked 
|  79|0x000000070aa00000, 0x000000070aa00000, 0x000000070ac00000|  0%| F|  |TAMS 0x000000070aa00000, 0x000000070aa00000| Untracked 
|  80|0x000000070ac00000, 0x000000070ac00000, 0x000000070ae00000|  0%| F|  |TAMS 0x000000070ac00000, 0x000000070ac00000| Untracked 
|  81|0x000000070ae00000, 0x000000070ae00000, 0x000000070b000000|  0%| F|  |TAMS 0x000000070ae00000, 0x000000070ae00000| Untracked 
|  82|0x000000070b000000, 0x000000070b000000, 0x000000070b200000|  0%| F|  |TAMS 0x000000070b000000, 0x000000070b000000| Untracked 
|  83|0x000000070b200000, 0x000000070b200000, 0x000000070b400000|  0%| F|  |TAMS 0x000000070b200000, 0x000000070b200000| Untracked 
|  84|0x000000070b400000, 0x000000070b400000, 0x000000070b600000|  0%| F|  |TAMS 0x000000070b400000, 0x000000070b400000| Untracked 
|  85|0x000000070b600000, 0x000000070b600000, 0x000000070b800000|  0%| F|  |TAMS 0x000000070b600000, 0x000000070b600000| Untracked 
|  86|0x000000070b800000, 0x000000070b800000, 0x000000070ba00000|  0%| F|  |TAMS 0x000000070b800000, 0x000000070b800000| Untracked 
|  87|0x000000070ba00000, 0x000000070ba00000, 0x000000070bc00000|  0%| F|  |TAMS 0x000000070ba00000, 0x000000070ba00000| Untracked 
|  88|0x000000070bc00000, 0x000000070bc00000, 0x000000070be00000|  0%| F|  |TAMS 0x000000070bc00000, 0x000000070bc00000| Untracked 
|  89|0x000000070be00000, 0x000000070be00000, 0x000000070c000000|  0%| F|  |TAMS 0x000000070be00000, 0x000000070be00000| Untracked 
|  90|0x000000070c000000, 0x000000070c000000, 0x000000070c200000|  0%| F|  |TAMS 0x000000070c000000, 0x000000070c000000| Untracked 
|  91|0x000000070c200000, 0x000000070c200000, 0x000000070c400000|  0%| F|  |TAMS 0x000000070c200000, 0x000000070c200000| Untracked 
|  92|0x000000070c400000, 0x000000070c400000, 0x000000070c600000|  0%| F|  |TAMS 0x000000070c400000, 0x000000070c400000| Untracked 
|  93|0x000000070c600000, 0x000000070c600000, 0x000000070c800000|  0%| F|  |TAMS 0x000000070c600000, 0x000000070c600000| Untracked 
|  94|0x000000070c800000, 0x000000070c800000, 0x000000070ca00000|  0%| F|  |TAMS 0x000000070c800000, 0x000000070c800000| Untracked 
|  95|0x000000070ca00000, 0x000000070ca00000, 0x000000070cc00000|  0%| F|  |TAMS 0x000000070ca00000, 0x000000070ca00000| Untracked 
|  96|0x000000070cc00000, 0x000000070cc00000, 0x000000070ce00000|  0%| F|  |TAMS 0x000000070cc00000, 0x000000070cc00000| Untracked 
|  97|0x000000070ce00000, 0x000000070ce00000, 0x000000070d000000|  0%| F|  |TAMS 0x000000070ce00000, 0x000000070ce00000| Untracked 
|  98|0x000000070d000000, 0x000000070d000000, 0x000000070d200000|  0%| F|  |TAMS 0x000000070d000000, 0x000000070d000000| Untracked 
|  99|0x000000070d200000, 0x000000070d200000, 0x000000070d400000|  0%| F|  |TAMS 0x000000070d200000, 0x000000070d200000| Untracked 
| 100|0x000000070d400000, 0x000000070d400000, 0x000000070d600000|  0%| F|  |TAMS 0x000000070d400000, 0x000000070d400000| Untracked 
| 101|0x000000070d600000, 0x000000070d600000, 0x000000070d800000|  0%| F|  |TAMS 0x000000070d600000, 0x000000070d600000| Untracked 
| 102|0x000000070d800000, 0x000000070d800000, 0x000000070da00000|  0%| F|  |TAMS 0x000000070d800000, 0x000000070d800000| Untracked 
| 103|0x000000070da00000, 0x000000070da00000, 0x000000070dc00000|  0%| F|  |TAMS 0x000000070da00000, 0x000000070da00000| Untracked 
| 104|0x000000070dc00000, 0x000000070dc00000, 0x000000070de00000|  0%| F|  |TAMS 0x000000070dc00000, 0x000000070dc00000| Untracked 
| 105|0x000000070de00000, 0x000000070de00000, 0x000000070e000000|  0%| F|  |TAMS 0x000000070de00000, 0x000000070de00000| Untracked 
| 106|0x000000070e000000, 0x000000070e000000, 0x000000070e200000|  0%| F|  |TAMS 0x000000070e000000, 0x000000070e000000| Untracked 
| 107|0x000000070e200000, 0x000000070e200000, 0x000000070e400000|  0%| F|  |TAMS 0x000000070e200000, 0x000000070e200000| Untracked 
| 108|0x000000070e400000, 0x000000070e400000, 0x000000070e600000|  0%| F|  |TAMS 0x000000070e400000, 0x000000070e400000| Untracked 
| 109|0x000000070e600000, 0x000000070e600000, 0x000000070e800000|  0%| F|  |TAMS 0x000000070e600000, 0x000000070e600000| Untracked 
| 110|0x000000070e800000, 0x000000070e800000, 0x000000070ea00000|  0%| F|  |TAMS 0x000000070e800000, 0x000000070e800000| Untracked 
| 111|0x000000070ea00000, 0x000000070ea00000, 0x000000070ec00000|  0%| F|  |TAMS 0x000000070ea00000, 0x000000070ea00000| Untracked 
| 112|0x000000070ec00000, 0x000000070ec00000, 0x000000070ee00000|  0%| F|  |TAMS 0x000000070ec00000, 0x000000070ec00000| Untracked 
| 113|0x000000070ee00000, 0x000000070ee00000, 0x000000070f000000|  0%| F|  |TAMS 0x000000070ee00000, 0x000000070ee00000| Untracked 
| 114|0x000000070f000000, 0x000000070f000000, 0x000000070f200000|  0%| F|  |TAMS 0x000000070f000000, 0x000000070f000000| Untracked 
| 115|0x000000070f200000, 0x000000070f200000, 0x000000070f400000|  0%| F|  |TAMS 0x000000070f200000, 0x000000070f200000| Untracked 
| 116|0x000000070f400000, 0x000000070f400000, 0x000000070f600000|  0%| F|  |TAMS 0x000000070f400000, 0x000000070f400000| Untracked 
| 117|0x000000070f600000, 0x000000070f600000, 0x000000070f800000|  0%| F|  |TAMS 0x000000070f600000, 0x000000070f600000| Untracked 
| 118|0x000000070f800000, 0x000000070f800000, 0x000000070fa00000|  0%| F|  |TAMS 0x000000070f800000, 0x000000070f800000| Untracked 
| 119|0x000000070fa00000, 0x000000070fa00000, 0x000000070fc00000|  0%| F|  |TAMS 0x000000070fa00000, 0x000000070fa00000| Untracked 
| 120|0x000000070fc00000, 0x000000070fc00000, 0x000000070fe00000|  0%| F|  |TAMS 0x000000070fc00000, 0x000000070fc00000| Untracked 
| 121|0x000000070fe00000, 0x000000070fe00000, 0x0000000710000000|  0%| F|  |TAMS 0x000000070fe00000, 0x000000070fe00000| Untracked 
| 122|0x0000000710000000, 0x0000000710000000, 0x0000000710200000|  0%| F|  |TAMS 0x0000000710000000, 0x0000000710000000| Untracked 
| 123|0x0000000710200000, 0x0000000710200000, 0x0000000710400000|  0%| F|  |TAMS 0x0000000710200000, 0x0000000710200000| Untracked 
| 124|0x0000000710400000, 0x0000000710400000, 0x0000000710600000|  0%| F|  |TAMS 0x0000000710400000, 0x0000000710400000| Untracked 
| 125|0x0000000710600000, 0x0000000710600000, 0x0000000710800000|  0%| F|  |TAMS 0x0000000710600000, 0x0000000710600000| Untracked 
| 126|0x0000000710800000, 0x0000000710800000, 0x0000000710a00000|  0%| F|  |TAMS 0x0000000710800000, 0x0000000710800000| Untracked 
| 127|0x0000000710a00000, 0x0000000710a00000, 0x0000000710c00000|  0%| F|  |TAMS 0x0000000710a00000, 0x0000000710a00000| Untracked 

Card table byte_map: [0x0000026a2fc10000,0x0000026a30410000] _byte_map_base: 0x0000026a2c40a000

Marking Bits (Prev, Next): (CMBitMap*) 0x0000026a1651a930, (CMBitMap*) 0x0000026a1651a970
 Prev Bits: [0x0000026a30c10000, 0x0000026a34be0000)
 Next Bits: [0x0000026a34be0000, 0x0000026a38bb0000)

Polling page: 0x0000026a162d0000

Metaspace:

Usage:
  Non-class:      3.55 MB used.
      Class:    339.42 KB used.
       Both:      3.88 MB used.

Virtual space:
  Non-class space:       64.00 MB reserved,       3.62 MB (  6%) committed,  1 nodes.
      Class space:        1.00 GB reserved,     448.00 KB ( <1%) committed,  1 nodes.
             Both:        1.06 GB reserved,       4.06 MB ( <1%) committed. 

Chunk freelists:
   Non-Class:  10.70 MB
       Class:  15.59 MB
        Both:  26.30 MB

MaxMetaspaceSize: unlimited
CompressedClassSpaceSize: 1.00 GB
Initial GC threshold: 21.00 MB
Current GC threshold: 21.00 MB
CDS: on
MetaspaceReclaimPolicy: balanced
 - commit_granule_bytes: 65536.
 - commit_granule_words: 8192.
 - virtual_space_node_default_size: 8388608.
 - enlarge_chunks_in_place: 1.
 - new_chunks_are_fully_committed: 0.
 - uncommit_free_chunks: 1.
 - use_allocation_guard: 0.
 - handle_deallocations: 1.


Internal statistics:

num_allocs_failed_limit: 0.
num_arena_births: 10.
num_arena_deaths: 0.
num_vsnodes_births: 2.
num_vsnodes_deaths: 0.
num_space_committed: 65.
num_space_uncommitted: 0.
num_chunks_returned_to_freelist: 0.
num_chunks_taken_from_freelist: 78.
num_chunk_merges: 0.
num_chunk_splits: 52.
num_chunks_enlarged: 47.
num_inconsistent_stats: 0.

CodeHeap 'non-profiled nmethods': size=120000Kb used=764Kb max_used=764Kb free=119235Kb
 bounds [0x0000026a27250000, 0x0000026a274c0000, 0x0000026a2e780000]
CodeHeap 'profiled nmethods': size=120000Kb used=2999Kb max_used=2999Kb free=117000Kb
 bounds [0x0000026a1f780000, 0x0000026a1fa70000, 0x0000026a26cb0000]
CodeHeap 'non-nmethods': size=5760Kb used=1149Kb max_used=1181Kb free=4610Kb
 bounds [0x0000026a26cb0000, 0x0000026a26f20000, 0x0000026a27250000]
 total_blobs=1910 nmethods=1471 adapters=352
 compilation: enabled
              stopped_count=0, restarted_count=0
 full_count=0

Compilation events (20 events):
Event: 0.825 Thread 0x0000026a3b9116e0 1477       3       jdk.internal.loader.URLClassPath$JarLoader$2::<init> (31 bytes)
Event: 0.825 Thread 0x0000026a3b9116e0 nmethod 1477 0x0000026a1fa68190 code [0x0000026a1fa68340, 0x0000026a1fa686d8]
Event: 0.825 Thread 0x0000026a3b9116e0 1479       3       org.objectweb.asm.tree.ClassNode::visitNestMember (13 bytes)
Event: 0.825 Thread 0x0000026a3b9116e0 nmethod 1479 0x0000026a1fa68810 code [0x0000026a1fa689e0, 0x0000026a1fa68d78]
Event: 0.825 Thread 0x0000026a3b9116e0 1478       1       java.net.URLConnection::getUseCaches (5 bytes)
Event: 0.825 Thread 0x0000026a3b9116e0 nmethod 1478 0x0000026a2730b710 code [0x0000026a2730b8a0, 0x0000026a2730b978]
Event: 0.826 Thread 0x0000026a3baac450 nmethod 1405 0x0000026a2730ba10 code [0x0000026a2730bc00, 0x0000026a2730d198]
Event: 0.826 Thread 0x0000026a3baac450 1457       4       org.objectweb.asm.ClassReader::<init> (371 bytes)
Event: 0.828 Thread 0x0000026a3b9116e0 1480       3       org.objectweb.asm.ClassReader::readBootstrapMethodsAttribute (131 bytes)
Event: 0.828 Thread 0x0000026a3b9116e0 nmethod 1480 0x0000026a1fa68f10 code [0x0000026a1fa69160, 0x0000026a1fa69968]
Event: 0.830 Thread 0x0000026a3b9116e0 1482       3       java.util.zip.CRC32::getValue (10 bytes)
Event: 0.830 Thread 0x0000026a3b9116e0 nmethod 1482 0x0000026a1fa69d10 code [0x0000026a1fa69ea0, 0x0000026a1fa69fb8]
Event: 0.834 Thread 0x0000026a3b9116e0 1483       3       org.objectweb.asm.signature.SignatureReader::accept (250 bytes)
Event: 0.836 Thread 0x0000026a3baac450 nmethod 1457 0x0000026a2730d810 code [0x0000026a2730d9c0, 0x0000026a2730e548]
Event: 0.836 Thread 0x0000026a3b9116e0 nmethod 1483 0x0000026a1fa6a090 code [0x0000026a1fa6a5a0, 0x0000026a1fa6cd98]
Event: 0.836 Thread 0x0000026a3baac450 1401       4       org.objectweb.asm.tree.MethodNode::visitInsn (16 bytes)
Event: 0.838 Thread 0x0000026a3b9116e0 1484       3       java.util.concurrent.locks.AbstractQueuedSynchronizer::compareAndSetState (13 bytes)
Event: 0.839 Thread 0x0000026a3b9116e0 nmethod 1484 0x0000026a1fa6db90 code [0x0000026a1fa6dd20, 0x0000026a1fa6de58]
Event: 0.839 Thread 0x0000026a3baac450 nmethod 1401 0x0000026a2730e990 code [0x0000026a2730eb20, 0x0000026a2730f0d8]
Event: 0.839 Thread 0x0000026a3baac450 1371       4       jdk.internal.jimage.ImageStringsReader::hashCode (33 bytes)

GC Heap History (9 events):
Event: 0.200 GC heap before
{Heap before GC invocations=0 (full 0):
 garbage-first heap   total 262144K, used 20480K [0x0000000700c00000, 0x0000000800000000)
  region size 2048K, 11 young (22528K), 0 survivors (0K)
 Metaspace       used 896K, committed 1024K, reserved 1114112K
  class space    used 67K, committed 128K, reserved 1048576K
}
Event: 0.207 GC heap after
{Heap after GC invocations=1 (full 0):
 garbage-first heap   total 262144K, used 18197K [0x0000000700c00000, 0x0000000800000000)
  region size 2048K, 2 young (4096K), 2 survivors (4096K)
 Metaspace       used 896K, committed 1024K, reserved 1114112K
  class space    used 67K, committed 128K, reserved 1048576K
}
Event: 0.238 GC heap before
{Heap before GC invocations=1 (full 0):
 garbage-first heap   total 262144K, used 30485K [0x0000000700c00000, 0x0000000800000000)
  region size 2048K, 8 young (16384K), 2 survivors (4096K)
 Metaspace       used 1011K, committed 1152K, reserved 1114112K
  class space    used 76K, committed 128K, reserved 1048576K
}
Event: 0.242 GC heap after
{Heap after GC invocations=2 (full 0):
 garbage-first heap   total 262144K, used 22528K [0x0000000700c00000, 0x0000000800000000)
  region size 2048K, 1 young (2048K), 1 survivors (2048K)
 Metaspace       used 1011K, committed 1152K, reserved 1114112K
  class space    used 76K, committed 128K, reserved 1048576K
}
Event: 0.276 GC heap before
{Heap before GC invocations=2 (full 0):
 garbage-first heap   total 262144K, used 49152K [0x0000000700c00000, 0x0000000800000000)
  region size 2048K, 14 young (28672K), 1 survivors (2048K)
 Metaspace       used 1012K, committed 1152K, reserved 1114112K
  class space    used 76K, committed 128K, reserved 1048576K
}
Event: 0.280 GC heap after
{Heap after GC invocations=3 (full 0):
 garbage-first heap   total 262144K, used 26306K [0x0000000700c00000, 0x0000000800000000)
  region size 2048K, 2 young (4096K), 2 survivors (4096K)
 Metaspace       used 1012K, committed 1152K, reserved 1114112K
  class space    used 76K, committed 128K, reserved 1048576K
}
Event: 0.368 GC heap before
{Heap before GC invocations=3 (full 0):
 garbage-first heap   total 262144K, used 112322K [0x0000000700c00000, 0x0000000800000000)
  region size 2048K, 44 young (90112K), 2 survivors (4096K)
 Metaspace       used 1012K, committed 1152K, reserved 1114112K
  class space    used 76K, committed 128K, reserved 1048576K
}
Event: 0.376 GC heap after
{Heap after GC invocations=4 (full 0):
 garbage-first heap   total 262144K, used 38457K [0x0000000700c00000, 0x0000000800000000)
  region size 2048K, 6 young (12288K), 6 survivors (12288K)
 Metaspace       used 1012K, committed 1152K, reserved 1114112K
  class space    used 76K, committed 128K, reserved 1048576K
}
Event: 0.841 GC heap before
{Heap before GC invocations=4 (full 0):
 garbage-first heap   total 262144K, used 161337K [0x0000000700c00000, 0x0000000800000000)
  region size 2048K, 63 young (129024K), 6 survivors (12288K)
 Metaspace       used 3970K, committed 4160K, reserved 1114112K
  class space    used 339K, committed 448K, reserved 1048576K
}

Dll operation events (7 events):
Event: 0.004 Loaded shared library D:\Pylo\MCreator\jdk\bin\java.dll
Event: 0.019 Loaded shared library D:\Pylo\MCreator\jdk\bin\jsvml.dll
Event: 0.108 Loaded shared library D:\Pylo\MCreator\jdk\bin\net.dll
Event: 0.110 Loaded shared library D:\Pylo\MCreator\jdk\bin\nio.dll
Event: 0.113 Loaded shared library D:\Pylo\MCreator\jdk\bin\zip.dll
Event: 0.117 Loaded shared library D:\Pylo\MCreator\jdk\bin\verify.dll
Event: 0.424 Loaded shared library D:\Pylo\MCreator\jdk\bin\jimage.dll

Deoptimization events (20 events):
Event: 0.567 Thread 0x0000026a164b0000 Uncommon trap: trap_request=0xffffffde fr.pc=0x0000026a272bc360 relative=0x0000000000001440
Event: 0.567 Thread 0x0000026a164b0000 Uncommon trap: reason=class_check action=maybe_recompile pc=0x0000026a272bc360 method=java.util.HashMap.putVal(ILjava/lang/Object;Ljava/lang/Object;ZZ)Ljava/lang/Object; @ 203 c2
Event: 0.567 Thread 0x0000026a164b0000 DEOPT PACKING pc=0x0000026a272bc360 sp=0x000000dbbd5fc180
Event: 0.567 Thread 0x0000026a164b0000 DEOPT UNPACKING pc=0x0000026a26d069a3 sp=0x000000dbbd5fc160 mode 2
Event: 0.570 Thread 0x0000026a164b0000 Uncommon trap: trap_request=0xffffff45 fr.pc=0x0000026a2727ea5c relative=0x0000000000001b5c
Event: 0.570 Thread 0x0000026a164b0000 Uncommon trap: reason=unstable_if action=reinterpret pc=0x0000026a2727ea5c method=java.lang.String.split(Ljava/lang/String;I)[Ljava/lang/String; @ 209 c2
Event: 0.570 Thread 0x0000026a164b0000 DEOPT PACKING pc=0x0000026a2727ea5c sp=0x000000dbbd5fce30
Event: 0.570 Thread 0x0000026a164b0000 DEOPT UNPACKING pc=0x0000026a26d069a3 sp=0x000000dbbd5fce00 mode 2
Event: 0.655 Thread 0x0000026a164b0000 Uncommon trap: trap_request=0xffffff45 fr.pc=0x0000026a272db570 relative=0x00000000000000f0
Event: 0.655 Thread 0x0000026a164b0000 Uncommon trap: reason=unstable_if action=reinterpret pc=0x0000026a272db570 method=org.objectweb.asm.ByteVector.putShort(I)Lorg/objectweb/asm/ByteVector; @ 13 c2
Event: 0.655 Thread 0x0000026a164b0000 DEOPT PACKING pc=0x0000026a272db570 sp=0x000000dbbd5fee90
Event: 0.655 Thread 0x0000026a164b0000 DEOPT UNPACKING pc=0x0000026a26d069a3 sp=0x000000dbbd5fee18 mode 2
Event: 0.705 Thread 0x0000026a164b0000 DEOPT PACKING pc=0x0000026a1f7b3df7 sp=0x000000dbbd5fe790
Event: 0.705 Thread 0x0000026a164b0000 DEOPT UNPACKING pc=0x0000026a26d07143 sp=0x000000dbbd5fdc40 mode 0
Event: 0.722 Thread 0x0000026a164b0000 DEOPT PACKING pc=0x0000026a1f7b3df7 sp=0x000000dbbd5fe6a0
Event: 0.722 Thread 0x0000026a164b0000 DEOPT UNPACKING pc=0x0000026a26d07143 sp=0x000000dbbd5fdb50 mode 0
Event: 0.812 Thread 0x0000026a164b0000 DEOPT PACKING pc=0x0000026a1f9ad5d8 sp=0x000000dbbd5ff120
Event: 0.812 Thread 0x0000026a164b0000 DEOPT UNPACKING pc=0x0000026a26d07143 sp=0x000000dbbd5fe600 mode 0
Event: 0.830 Thread 0x0000026a164b0000 DEOPT PACKING pc=0x0000026a1f9ad5d8 sp=0x000000dbbd5ff120
Event: 0.830 Thread 0x0000026a164b0000 DEOPT UNPACKING pc=0x0000026a26d07143 sp=0x000000dbbd5fe600 mode 0

Classes unloaded (0 events):
No events

Classes redefined (0 events):
No events

Internal exceptions (2 events):
Event: 0.191 Thread 0x0000026a164b0000 Implicit null exception at 0x0000026a27264c53 to 0x0000026a27264f9c
Event: 0.516 Thread 0x0000026a164b0000 Exception <a 'java/lang/NoSuchMethodError'{0x000000070dd77b80}: 'java.lang.Object java.lang.invoke.DirectMethodHandle$Holder.invokeStatic(java.lang.Object, int, java.lang.Object)'> (0x000000070dd77b80) 
thrown [s\src\hotspot\share\interpreter\linkResolver.cpp, line 759]

VM Operations (20 events):
Event: 0.242 Executing VM operation: G1CollectForAllocation done
Event: 0.276 Executing VM operation: G1CollectForAllocation
Event: 0.280 Executing VM operation: G1CollectForAllocation done
Event: 0.368 Executing VM operation: G1CollectForAllocation
Event: 0.376 Executing VM operation: G1CollectForAllocation done
Event: 0.499 Executing VM operation: HandshakeAllThreads
Event: 0.499 Executing VM operation: HandshakeAllThreads done
Event: 0.533 Executing VM operation: HandshakeAllThreads
Event: 0.533 Executing VM operation: HandshakeAllThreads done
Event: 0.555 Executing VM operation: HandshakeAllThreads
Event: 0.555 Executing VM operation: HandshakeAllThreads done
Event: 0.555 Executing VM operation: HandshakeAllThreads
Event: 0.555 Executing VM operation: HandshakeAllThreads done
Event: 0.578 Executing VM operation: HandshakeAllThreads
Event: 0.578 Executing VM operation: HandshakeAllThreads done
Event: 0.582 Executing VM operation: HandshakeAllThreads
Event: 0.582 Executing VM operation: HandshakeAllThreads done
Event: 0.637 Executing VM operation: ICBufferFull
Event: 0.637 Executing VM operation: ICBufferFull done
Event: 0.841 Executing VM operation: G1CollectForAllocation

Events (20 events):
Event: 0.577 loading class sun/net/www/protocol/jrt/JavaRuntimeURLConnection
Event: 0.577 loading class sun/net/www/protocol/jrt/JavaRuntimeURLConnection done
Event: 0.578 loading class sun/net/www/protocol/jrt/JavaRuntimeURLConnection$1
Event: 0.578 loading class sun/net/www/protocol/jrt/JavaRuntimeURLConnection$1 done
Event: 0.578 loading class jdk/internal/jimage/ImageBufferCache
Event: 0.578 loading class jdk/internal/jimage/ImageBufferCache done
Event: 0.578 loading class jdk/internal/jimage/ImageBufferCache$1
Event: 0.578 loading class jdk/internal/jimage/ImageBufferCache$1 done
Event: 0.578 loading class jdk/internal/jimage/ImageBufferCache$2
Event: 0.578 loading class jdk/internal/jimage/ImageBufferCache$2 done
Event: 0.578 loading class java/util/AbstractMap$SimpleEntry
Event: 0.578 loading class java/util/AbstractMap$SimpleEntry done
Event: 0.585 loading class java/util/Stack
Event: 0.585 loading class java/util/Stack done
Event: 0.589 loading class java/lang/TypeNotPresentException
Event: 0.589 loading class java/lang/TypeNotPresentException done
Event: 0.597 loading class jdk/internal/misc/ScopedMemoryAccess$Scope
Event: 0.597 loading class jdk/internal/misc/ScopedMemoryAccess$Scope done
Event: 0.631 loading class java/lang/NoSuchFieldError
Event: 0.631 loading class java/lang/NoSuchFieldError done


Dynamic libraries:
0x00007ff7bac60000 - 0x00007ff7bac6e000 	D:\Pylo\MCreator\jdk\bin\java.exe
0x00007ffb62b50000 - 0x00007ffb62d48000 	C:\Windows\SYSTEM32\ntdll.dll
0x00007ffb61c80000 - 0x00007ffb61d3d000 	C:\Windows\System32\KERNEL32.DLL
0x00007ffb604b0000 - 0x00007ffb607a6000 	C:\Windows\System32\KERNELBASE.dll
0x00007ffb607e0000 - 0x00007ffb608e0000 	C:\Windows\System32\ucrtbase.dll
0x00007ffb59f00000 - 0x00007ffb59f1b000 	D:\Pylo\MCreator\jdk\bin\VCRUNTIME140.dll
0x00007ffb57590000 - 0x00007ffb575a7000 	D:\Pylo\MCreator\jdk\bin\jli.dll
0x00007ffb61640000 - 0x00007ffb617df000 	C:\Windows\System32\USER32.dll
0x00007ffb607b0000 - 0x00007ffb607d2000 	C:\Windows\System32\win32u.dll
0x00007ffb55510000 - 0x00007ffb557aa000 	C:\Windows\WinSxS\amd64_microsoft.windows.common-controls_6595b64144ccf1df_6.0.19041.4355_none_60b8b9eb71f62e16\COMCTL32.dll
0x00007ffb62930000 - 0x00007ffb6295b000 	C:\Windows\System32\GDI32.dll
0x00007ffb617e0000 - 0x00007ffb6187e000 	C:\Windows\System32\msvcrt.dll
0x00007ffb608e0000 - 0x00007ffb609f7000 	C:\Windows\System32\gdi32full.dll
0x00007ffb60a50000 - 0x00007ffb60aed000 	C:\Windows\System32\msvcp_win.dll
0x00007ffb61960000 - 0x00007ffb61992000 	C:\Windows\System32\IMM32.DLL
0x00007ffb5be70000 - 0x00007ffb5be7c000 	D:\Pylo\MCreator\jdk\bin\vcruntime140_1.dll
0x00007ffb44960000 - 0x00007ffb449ed000 	D:\Pylo\MCreator\jdk\bin\msvcp140.dll
0x00007ffb16a60000 - 0x00007ffb176c1000 	D:\Pylo\MCreator\jdk\bin\server\jvm.dll
0x00007ffb619a0000 - 0x00007ffb61a50000 	C:\Windows\System32\ADVAPI32.dll
0x00007ffb61ac0000 - 0x00007ffb61b60000 	C:\Windows\System32\sechost.dll
0x00007ffb62650000 - 0x00007ffb62773000 	C:\Windows\System32\RPCRT4.dll
0x00007ffb60320000 - 0x00007ffb60347000 	C:\Windows\System32\bcrypt.dll
0x00007ffb5f730000 - 0x00007ffb5f77b000 	C:\Windows\SYSTEM32\POWRPROF.dll
0x00007ffb56e10000 - 0x00007ffb56e19000 	C:\Windows\SYSTEM32\WSOCK32.dll
0x00007ffb61c10000 - 0x00007ffb61c7b000 	C:\Windows\System32\WS2_32.dll
0x00007ffb503e0000 - 0x00007ffb50407000 	C:\Windows\SYSTEM32\WINMM.dll
0x00007ffb58f80000 - 0x00007ffb58f8a000 	C:\Windows\SYSTEM32\VERSION.dll
0x00007ffb5f5f0000 - 0x00007ffb5f602000 	C:\Windows\SYSTEM32\UMPDC.dll
0x00007ffb5e0a0000 - 0x00007ffb5e0b2000 	C:\Windows\SYSTEM32\kernel.appcore.dll
0x00007ffb5bd50000 - 0x00007ffb5bd5a000 	D:\Pylo\MCreator\jdk\bin\jimage.dll
0x00007ffb4ec10000 - 0x00007ffb4edf4000 	C:\Windows\SYSTEM32\DBGHELP.DLL
0x00007ffb3f900000 - 0x00007ffb3f934000 	C:\Windows\SYSTEM32\dbgcore.DLL
0x00007ffb60af0000 - 0x00007ffb60b72000 	C:\Windows\System32\bcryptPrimitives.dll
0x00007ffb45e60000 - 0x00007ffb45e85000 	D:\Pylo\MCreator\jdk\bin\java.dll
0x00007ffb43a80000 - 0x00007ffb43b57000 	D:\Pylo\MCreator\jdk\bin\jsvml.dll
0x00007ffb60be0000 - 0x00007ffb6134b000 	C:\Windows\System32\SHELL32.dll
0x00007ffb5e2a0000 - 0x00007ffb5ea3d000 	C:\Windows\SYSTEM32\windows.storage.dll
0x00007ffb61d40000 - 0x00007ffb62093000 	C:\Windows\System32\combase.dll
0x00007ffb5fc20000 - 0x00007ffb5fc4e000 	C:\Windows\SYSTEM32\Wldp.dll
0x00007ffb62780000 - 0x00007ffb6284d000 	C:\Windows\System32\OLEAUT32.dll
0x00007ffb61350000 - 0x00007ffb613fd000 	C:\Windows\System32\SHCORE.dll
0x00007ffb61900000 - 0x00007ffb61955000 	C:\Windows\System32\shlwapi.dll
0x00007ffb60130000 - 0x00007ffb60154000 	C:\Windows\SYSTEM32\profapi.dll
0x00007ffb57040000 - 0x00007ffb57059000 	D:\Pylo\MCreator\jdk\bin\net.dll
0x00007ffb591b0000 - 0x00007ffb592ba000 	C:\Windows\SYSTEM32\WINHTTP.dll
0x00007ffb5f980000 - 0x00007ffb5f9ea000 	C:\Windows\system32\mswsock.dll
0x00007ffb48830000 - 0x00007ffb48846000 	D:\Pylo\MCreator\jdk\bin\nio.dll
0x00007ffb46f80000 - 0x00007ffb46f98000 	D:\Pylo\MCreator\jdk\bin\zip.dll
0x00007ffb45b30000 - 0x00007ffb45b40000 	D:\Pylo\MCreator\jdk\bin\verify.dll

dbghelp: loaded successfully - version: 4.0.5 - missing functions: none
symbol engine: initialized successfully - sym options: 0x614 - pdb path: .;D:\Pylo\MCreator\jdk\bin;C:\Windows\SYSTEM32;C:\Windows\WinSxS\amd64_microsoft.windows.common-controls_6595b64144ccf1df_6.0.19041.4355_none_60b8b9eb71f62e16;D:\Pylo\MCreator\jdk\bin\server

VM Arguments:
jvm_args: -Dfile.encoding=UTF-8 -Duser.country=US -Duser.language=en -Duser.variant 
java_command: net.md_5.specialsource.SpecialSource --in-jar D:\Workspace For Now\FNAFMod\build\libs\modid-1.0.jar --out-jar D:\Workspace For Now\FNAFMod\build\reobfJar\output.jar --srg-in D:\Workspace For Now\FNAFMod\build\createMcpToSrg\output.tsrg --live
java_class_path (initial): C:\Users\mephilis\.mcreator\gradle\caches\forge_gradle\maven_downloader\net\md-5\SpecialSource\1.11.0\SpecialSource-1.11.0-shaded.jar;C:\Users\mephilis\.mcreator\gradle\caches\forge_gradle\deobf_dependencies\software\bernie\geckolib\geckolib-forge-1.19\3.1.40_mapped_official_1.19.2\geckolib-forge-1.19-3.1.40_mapped_official_1.19.2.jar;D:\Workspace For Now\FNAFMod\build\fg_cache\net\minecraftforge\forge\1.19.2-43.3.5_mapped_official_1.19.2\forge-1.19.2-43.3.5_mapped_official_1.19.2.jar;C:\Users\mephilis\.mcreator\gradle\caches\forge_gradle\minecraft_repo\versions\1.19.2\client-extra.jar;C:\Users\mephilis\.mcreator\gradle\caches\modules-2\files-2.1\net.minecraftforge\fmlloader\1.19.2-43.3.5\6c2c277bb01f4307dce958576b97132cf276507e\fmlloader-1.19.2-43.3.5.jar;C:\Users\mephilis\.mcreator\gradle\caches\modules-2\files-2.1\net.minecraftforge\JarJarSelector\0.3.16\2a31421fb5e267249da103a644f23afb43d158af\JarJarSelector-0.3.16.jar;C:\Users\mephilis\.mcreator\gradle\caches\modules-2\files-2.1\net.minecraftforge\JarJarMetadata\0.3.16\f62c8c898dffc8666f5097a8587ed72095e8e83a\JarJarMetadata-0.3.16.jar;C:\Users\mephilis\.mcreator\gradle\caches\modules-2\files-2.1\com.google.guava\guava\31.0.1-jre\119ea2b2bc205b138974d351777b20f02b92704b\guava-31.0.1-jre.jar;C:\Users\mephilis\.mcreator\gradle\caches\modules-2\files-2.1\com.google.code.findbugs\jsr305\3.0.2\25ea2e8b0c338a877313bd4672d3fe056ea78f0d\jsr305-3.0.2.jar;C:\Users\mephilis\.mcreator\gradle\caches\modules-2\files-2.1\ca.weblite\java-objc-bridge\1.1\1227f9e0666314f9de41477e3ec277e542ed7f7b\java-objc-bridge-1.1.jar;C:\Users\mephilis\.mcreator\gradle\caches\modules-2\files-2.1\net.minecraftforge\mergetool\1.1.5\f3da18e12c696d35a47c82cbb2cc8b5aa15e1154\mergetool-1.1.5-api.jar;C:\Users\mephilis\.mcreator\gradle\caches\modules-2\files-2.1\org.jetbrains\annotations\23.0.0\8cc20c07506ec18e0834947b84a864bfc094484e\annotations-23.0.0.jar;C:\Users\mephilis\.mcreator\gradle\caches\modules-2\files-2.1\cpw.m
Launcher Type: SUN_STANDARD

[Global flags]
     intx CICompilerCount                          = 4                                         {product} {ergonomic}
     uint ConcGCThreads                            = 3                                         {product} {ergonomic}
     uint G1ConcRefinementThreads                  = 10                                        {product} {ergonomic}
   size_t G1HeapRegionSize                         = 2097152                                   {product} {ergonomic}
    uintx GCDrainStackTargetSize                   = 64                                        {product} {ergonomic}
   size_t InitialHeapSize                          = 268435456                                 {product} {ergonomic}
   size_t MarkStackSize                            = 4194304                                   {product} {ergonomic}
   size_t MaxHeapSize                              = 4282384384                                {product} {ergonomic}
   size_t MaxNewSize                               = 2569011200                                {product} {ergonomic}
   size_t MinHeapDeltaBytes                        = 2097152                                   {product} {ergonomic}
   size_t MinHeapSize                              = 8388608                                   {product} {ergonomic}
    uintx NonNMethodCodeHeapSize                   = 5839372                                {pd product} {ergonomic}
    uintx NonProfiledCodeHeapSize                  = 122909434                              {pd product} {ergonomic}
    uintx ProfiledCodeHeapSize                     = 122909434                              {pd product} {ergonomic}
    uintx ReservedCodeCacheSize                    = 251658240                              {pd product} {ergonomic}
     bool SegmentedCodeCache                       = true                                      {product} {ergonomic}
   size_t SoftMaxHeapSize                          = 4282384384                             {manageable} {ergonomic}
     bool UseCompressedClassPointers               = true                           {product lp64_product} {ergonomic}
     bool UseCompressedOops                        = true                           {product lp64_product} {ergonomic}
     bool UseG1GC                                  = true                                      {product} {ergonomic}
     bool UseLargePagesIndividualAllocation        = false                                  {pd product} {ergonomic}

Logging:
Log output configuration:
 #0: stdout all=warning uptime,level,tags
 #1: stderr all=off uptime,level,tags

Environment Variables:
JAVA_HOME=D:\Pylo\MCreator\jdk
PATH=C:\Program Files\Eclipse Adoptium\jdk-21.0.2.13-hotspot\bin;D:\Oculus\Support\oculus-runtime;C:\Program Files\NVIDIA GPU Computing Toolkit\CUDA\v11.8\bin;C:\Program Files\NVIDIA GPU Computing Toolkit\CUDA\v11.8\libnvvp;C:\Program Files\Common Files\Oracle\Java\javapath;C:\Program Files (x86)\Common Files\Oracle\Java\javapath;C:\Program Files (x86)\Common Files\Intel\Shared Libraries\redist\intel64_win\compiler;C:\Windows\system32;C:\Windows;C:\Windows\System32\Wbem;C:\Windows\System32\WindowsPowerShell\v1.0\;C:\Windows\System32\OpenSSH\;C:\Program Files\NVIDIA Corporation\NVIDIA NvDLISR;C:\Program Files (x86)\NVIDIA Corporation\PhysX\Common;C:\Program Files\dotnet\;C:\Program Files\Microsoft SQL Server\130\Tools\Binn\;C:\Program Files\Java\jdk1.8.0_271\bin;D:\WorldPainter;C:\ProgramData\chocolatey\bin;C:\Program Files\Git\cmd;C:\Users\mephilis\AppData\Local\Microsoft\WindowsApps;C:\Users\mephilis\.dotnet\tools;C:\Program Files\JetBrains\IntelliJ IDEA Community Edition 2021.1\bin;;C:\Users\mephilis\AppData\Local\GitHubDesktop\bin;D:\Pylo\MCreator\jdk\bin
USERNAME=mephilis
OS=Windows_NT
PROCESSOR_IDENTIFIER=AMD64 Family 23 Model 113 Stepping 0, AuthenticAMD
TMP=C:\Users\mephilis\AppData\Local\Temp
TEMP=C:\Users\mephilis\AppData\Local\Temp



Periodic native trim disabled


---------------  S Y S T E M  ---------------

OS:
 Windows 10 , 64 bit Build 19041 (10.0.19041.3636)
OS uptime: 0 days 8:36 hours

CPU: total 12 (initial active 12) (12 cores per cpu, 2 threads per core) family 23 model 113 stepping 0 microcode 0x0, cx8, cmov, fxsr, ht, mmx, 3dnowpref, sse, sse2, sse3, ssse3, sse4a, sse4.1, sse4.2, popcnt, lzcnt, tsc, tscinvbit, avx, avx2, aes, clmul, bmi1, bmi2, adx, sha, fma, vzeroupper, clflush, clflushopt
Processor Information for all 12 processors :
  Max Mhz: 3800, Current Mhz: 3800, Mhz Limit: 3800

Memory: 4k page, system-wide physical 16333M (2764M free)
TotalPageFile size 25333M (AvailPageFile size 150M)
current process WorkingSet (physical memory assigned to process): 276M, peak: 276M
current process commit charge ("private bytes"): 405M, peak: 613M

vm_info: OpenJDK 64-Bit Server VM (17.0.9+9) for windows-amd64 JRE (17.0.9+9), built on Oct 26 2023 14:01:42 by "admin" with MS VC++ 16.10 / 16.11 (VS2019)

END.
